CRITICAL - 2022-11-10 07:04:15 --> Call to undefined method CodeIgniter\Pager\Pager::link()
in APPPATH\Views\kategori\select.php on line 29.
 1 SYSTEMPATH\View\View.php(213): include()
 2 SYSTEMPATH\View\View.php(216): CodeIgniter\View\View->CodeIgniter\View\{closure}()
 3 SYSTEMPATH\Common.php(1134): CodeIgniter\View\View->render('kategori/select', [], true)
 4 APPPATH\Controllers\Admin\Kategori.php(30): view('kategori/select', [...])
 5 SYSTEMPATH\CodeIgniter.php(927): App\Controllers\Admin\Kategori->read()
 6 SYSTEMPATH\CodeIgniter.php(482): CodeIgniter\CodeIgniter->runController(Object(App\Controllers\Admin\Kategori))
 7 SYSTEMPATH\CodeIgniter.php(351): CodeIgniter\CodeIgniter->handleRequest(null, Object(Config\Cache), false)
 8 FCPATH\index.php(67): CodeIgniter\CodeIgniter->run()
CRITICAL - 2022-11-10 07:05:03 --> Call to undefined method CodeIgniter\Pager\Pager::link()
in APPPATH\Views\kategori\select.php on line 29.
 1 SYSTEMPATH\View\View.php(213): include()
 2 SYSTEMPATH\View\View.php(216): CodeIgniter\View\View->CodeIgniter\View\{closure}()
 3 SYSTEMPATH\Common.php(1134): CodeIgniter\View\View->render('kategori/select', [], true)
 4 APPPATH\Controllers\Admin\Kategori.php(30): view('kategori/select', [...])
 5 SYSTEMPATH\CodeIgniter.php(927): App\Controllers\Admin\Kategori->read()
 6 SYSTEMPATH\CodeIgniter.php(482): CodeIgniter\CodeIgniter->runController(Object(App\Controllers\Admin\Kategori))
 7 SYSTEMPATH\CodeIgniter.php(351): CodeIgniter\CodeIgniter->handleRequest(null, Object(Config\Cache), false)
 8 FCPATH\index.php(67): CodeIgniter\CodeIgniter->run()
CRITICAL - 2022-11-10 08:15:25 --> Unable to locate view cell class: App\Controllers\Admin;\Blog.
in SYSTEMPATH\View\Cell.php on line 201.
 1 SYSTEMPATH\View\Cell.php(201): CodeIgniter\View\Exceptions\ViewException::forInvalidCellClass('App\\Controllers\\Admin;\\Blog')
 2 SYSTEMPATH\View\Cell.php(71): CodeIgniter\View\Cell->determineClass('App\\Controllers\\Admin;\\Blog:recentPost')
 3 SYSTEMPATH\Common.php(1150): CodeIgniter\View\Cell->render('App\\Controllers\\Admin;\\Blog::recentPost', null, 0, null)
 4 APPPATH\Views\menu\form.php(6): view_cell('App\\Controllers\\Admin;\\Blog::recentPost')
 5 SYSTEMPATH\View\View.php(213): include('APPPATH\\Views\\menu\\form.php')
 6 SYSTEMPATH\View\View.php(216): CodeIgniter\View\View->CodeIgniter\View\{closure}()
 7 SYSTEMPATH\Common.php(1134): CodeIgniter\View\View->render('menu/form', [], true)
 8 APPPATH\Controllers\Admin\Menu.php(11): view('menu/form')
 9 SYSTEMPATH\CodeIgniter.php(927): App\Controllers\Admin\Menu->index()
10 SYSTEMPATH\CodeIgniter.php(482): CodeIgniter\CodeIgniter->runController(Object(App\Controllers\Admin\Menu))
11 SYSTEMPATH\CodeIgniter.php(351): CodeIgniter\CodeIgniter->handleRequest(null, Object(Config\Cache), false)
12 FCPATH\index.php(67): CodeIgniter\CodeIgniter->run()
CRITICAL - 2022-11-10 08:15:41 --> Unable to locate view cell class: App\Controllers\Admin;\Blog.
in SYSTEMPATH\View\Cell.php on line 201.
 1 SYSTEMPATH\View\Cell.php(201): CodeIgniter\View\Exceptions\ViewException::forInvalidCellClass('App\\Controllers\\Admin;\\Blog')
 2 SYSTEMPATH\View\Cell.php(71): CodeIgniter\View\Cell->determineClass('App\\Controllers\\Admin;\\Blog:option')
 3 SYSTEMPATH\Common.php(1150): CodeIgniter\View\Cell->render('App\\Controllers\\Admin;\\Blog::option', null, 0, null)
 4 APPPATH\Views\menu\form.php(6): view_cell('App\\Controllers\\Admin;\\Blog::option')
 5 SYSTEMPATH\View\View.php(213): include('APPPATH\\Views\\menu\\form.php')
 6 SYSTEMPATH\View\View.php(216): CodeIgniter\View\View->CodeIgniter\View\{closure}()
 7 SYSTEMPATH\Common.php(1134): CodeIgniter\View\View->render('menu/form', [], true)
 8 APPPATH\Controllers\Admin\Menu.php(11): view('menu/form')
 9 SYSTEMPATH\CodeIgniter.php(927): App\Controllers\Admin\Menu->index()
10 SYSTEMPATH\CodeIgniter.php(482): CodeIgniter\CodeIgniter->runController(Object(App\Controllers\Admin\Menu))
11 SYSTEMPATH\CodeIgniter.php(351): CodeIgniter\CodeIgniter->handleRequest(null, Object(Config\Cache), false)
12 FCPATH\index.php(67): CodeIgniter\CodeIgniter->run()
CRITICAL - 2022-11-10 08:15:56 --> Unable to locate view cell class: App\Controllers\Admin;\Blog.
in SYSTEMPATH\View\Cell.php on line 201.
 1 SYSTEMPATH\View\Cell.php(201): CodeIgniter\View\Exceptions\ViewException::forInvalidCellClass('App\\Controllers\\Admin;\\Blog')
 2 SYSTEMPATH\View\Cell.php(71): CodeIgniter\View\Cell->determineClass('App\\Controllers\\Admin;\\Blog:option')
 3 SYSTEMPATH\Common.php(1150): CodeIgniter\View\Cell->render('App\\Controllers\\Admin;\\Blog::option', null, 0, null)
 4 APPPATH\Views\menu\form.php(6): view_cell('App\\Controllers\\Admin;\\Blog::option')
 5 SYSTEMPATH\View\View.php(213): include('APPPATH\\Views\\menu\\form.php')
 6 SYSTEMPATH\View\View.php(216): CodeIgniter\View\View->CodeIgniter\View\{closure}()
 7 SYSTEMPATH\Common.php(1134): CodeIgniter\View\View->render('menu/form', [], true)
 8 APPPATH\Controllers\Admin\Menu.php(11): view('menu/form')
 9 SYSTEMPATH\CodeIgniter.php(927): App\Controllers\Admin\Menu->index()
10 SYSTEMPATH\CodeIgniter.php(482): CodeIgniter\CodeIgniter->runController(Object(App\Controllers\Admin\Menu))
11 SYSTEMPATH\CodeIgniter.php(351): CodeIgniter\CodeIgniter->handleRequest(null, Object(Config\Cache), false)
12 FCPATH\index.php(67): CodeIgniter\CodeIgniter->run()
CRITICAL - 2022-11-10 08:17:10 --> Unable to locate view cell class: App\Controllers\Admin;\Blog.
in SYSTEMPATH\View\Cell.php on line 201.
 1 SYSTEMPATH\View\Cell.php(201): CodeIgniter\View\Exceptions\ViewException::forInvalidCellClass('App\\Controllers\\Admin;\\Blog')
 2 SYSTEMPATH\View\Cell.php(71): CodeIgniter\View\Cell->determineClass('App\\Controllers\\Admin;\\Blog:option')
 3 SYSTEMPATH\Common.php(1150): CodeIgniter\View\Cell->render('App\\Controllers\\Admin;\\Blog::option', null, 0, null)
 4 APPPATH\Views\menu\form.php(6): view_cell('App\\Controllers\\Admin;\\Blog::option')
 5 SYSTEMPATH\View\View.php(213): include('APPPATH\\Views\\menu\\form.php')
 6 SYSTEMPATH\View\View.php(216): CodeIgniter\View\View->CodeIgniter\View\{closure}()
 7 SYSTEMPATH\Common.php(1134): CodeIgniter\View\View->render('menu/form', [], true)
 8 APPPATH\Controllers\Admin\Menu.php(11): view('menu/form')
 9 SYSTEMPATH\CodeIgniter.php(927): App\Controllers\Admin\Menu->index()
10 SYSTEMPATH\CodeIgniter.php(482): CodeIgniter\CodeIgniter->runController(Object(App\Controllers\Admin\Menu))
11 SYSTEMPATH\CodeIgniter.php(351): CodeIgniter\CodeIgniter->handleRequest(null, Object(Config\Cache), false)
12 FCPATH\index.php(67): CodeIgniter\CodeIgniter->run()
CRITICAL - 2022-11-10 08:17:29 --> Unable to locate view cell class: App\Controllers\Menu;\Blog.
in SYSTEMPATH\View\Cell.php on line 201.
 1 SYSTEMPATH\View\Cell.php(201): CodeIgniter\View\Exceptions\ViewException::forInvalidCellClass('App\\Controllers\\Menu;\\Blog')
 2 SYSTEMPATH\View\Cell.php(71): CodeIgniter\View\Cell->determineClass('App\\Controllers\\Menu;\\Blog:option')
 3 SYSTEMPATH\Common.php(1150): CodeIgniter\View\Cell->render('App\\Controllers\\Menu;\\Blog::option', null, 0, null)
 4 APPPATH\Views\menu\form.php(6): view_cell('App\\Controllers\\Menu;\\Blog::option')
 5 SYSTEMPATH\View\View.php(213): include('APPPATH\\Views\\menu\\form.php')
 6 SYSTEMPATH\View\View.php(216): CodeIgniter\View\View->CodeIgniter\View\{closure}()
 7 SYSTEMPATH\Common.php(1134): CodeIgniter\View\View->render('menu/form', [], true)
 8 APPPATH\Controllers\Admin\Menu.php(11): view('menu/form')
 9 SYSTEMPATH\CodeIgniter.php(927): App\Controllers\Admin\Menu->index()
10 SYSTEMPATH\CodeIgniter.php(482): CodeIgniter\CodeIgniter->runController(Object(App\Controllers\Admin\Menu))
11 SYSTEMPATH\CodeIgniter.php(351): CodeIgniter\CodeIgniter->handleRequest(null, Object(Config\Cache), false)
12 FCPATH\index.php(67): CodeIgniter\CodeIgniter->run()
CRITICAL - 2022-11-10 08:17:35 --> Unable to locate view cell class: App\Controllers\Menu;\Blog.
in SYSTEMPATH\View\Cell.php on line 201.
 1 SYSTEMPATH\View\Cell.php(201): CodeIgniter\View\Exceptions\ViewException::forInvalidCellClass('App\\Controllers\\Menu;\\Blog')
 2 SYSTEMPATH\View\Cell.php(71): CodeIgniter\View\Cell->determineClass('App\\Controllers\\Menu;\\Blog:option')
 3 SYSTEMPATH\Common.php(1150): CodeIgniter\View\Cell->render('App\\Controllers\\Menu;\\Blog::option', null, 0, null)
 4 APPPATH\Views\menu\form.php(6): view_cell('App\\Controllers\\Menu;\\Blog::option')
 5 SYSTEMPATH\View\View.php(213): include('APPPATH\\Views\\menu\\form.php')
 6 SYSTEMPATH\View\View.php(216): CodeIgniter\View\View->CodeIgniter\View\{closure}()
 7 SYSTEMPATH\Common.php(1134): CodeIgniter\View\View->render('menu/form', [], true)
 8 APPPATH\Controllers\Admin\Menu.php(11): view('menu/form')
 9 SYSTEMPATH\CodeIgniter.php(927): App\Controllers\Admin\Menu->index()
10 SYSTEMPATH\CodeIgniter.php(482): CodeIgniter\CodeIgniter->runController(Object(App\Controllers\Admin\Menu))
11 SYSTEMPATH\CodeIgniter.php(351): CodeIgniter\CodeIgniter->handleRequest(null, Object(Config\Cache), false)
12 FCPATH\index.php(67): CodeIgniter\CodeIgniter->run()
CRITICAL - 2022-11-10 08:52:40 --> Unable to locate view cell class: App\Controllers\Menu;\Blog.
in SYSTEMPATH\View\Cell.php on line 201.
 1 SYSTEMPATH\View\Cell.php(201): CodeIgniter\View\Exceptions\ViewException::forInvalidCellClass('App\\Controllers\\Menu;\\Blog')
 2 SYSTEMPATH\View\Cell.php(71): CodeIgniter\View\Cell->determineClass('App\\Controllers\\Menu;\\Blog:option')
 3 SYSTEMPATH\Common.php(1150): CodeIgniter\View\Cell->render('App\\Controllers\\Menu;\\Blog::option', null, 0, null)
 4 APPPATH\Views\menu\form.php(6): view_cell('App\\Controllers\\Menu;\\Blog::option')
 5 SYSTEMPATH\View\View.php(213): include('APPPATH\\Views\\menu\\form.php')
 6 SYSTEMPATH\View\View.php(216): CodeIgniter\View\View->CodeIgniter\View\{closure}()
 7 SYSTEMPATH\Common.php(1134): CodeIgniter\View\View->render('menu/form', [], true)
 8 APPPATH\Controllers\Admin\Menu.php(12): view('menu/form')
 9 SYSTEMPATH\CodeIgniter.php(927): App\Controllers\Admin\Menu->index()
10 SYSTEMPATH\CodeIgniter.php(482): CodeIgniter\CodeIgniter->runController(Object(App\Controllers\Admin\Menu))
11 SYSTEMPATH\CodeIgniter.php(351): CodeIgniter\CodeIgniter->handleRequest(null, Object(Config\Cache), false)
12 FCPATH\index.php(67): CodeIgniter\CodeIgniter->run()
CRITICAL - 2022-11-10 09:18:52 --> unlink(D:\Xampp\htdocs\restoran-ci4\ci4\writable\debugbar/debugbar_1668086650.656609.json): No such file or directory
in SYSTEMPATH\Debug\Toolbar\Collectors\History.php on line 76.
 1 [internal function]: CodeIgniter\Debug\Exceptions->errorHandler(2, 'unlink(D:\\Xampp\\htdocs\\restoran-ci4\\ci4\\writable\\debugbar/debugbar_1668086650.656609.json): No such file or directory', 'SYSTEMPATH\\Debug\\Toolbar\\Collectors\\History.php', 76)
 2 SYSTEMPATH\Debug\Toolbar\Collectors\History.php(76): unlink('FCPATH\\ci4\\writable\\debugbar/debugbar_1668086650.656609.json')
 3 SYSTEMPATH\Debug\Toolbar.php(500): CodeIgniter\Debug\Toolbar\Collectors\History->setFiles('1668093501.646932', 20)
 4 SYSTEMPATH\Debug\Toolbar.php(477): CodeIgniter\Debug\Toolbar->format([...], 'html')
 5 APPPATH\Config\Events.php(46): CodeIgniter\Debug\Toolbar->respond()
 6 SYSTEMPATH\Events\Events.php(149): CodeIgniter\Events\Events::Config\{closure}()
 7 SYSTEMPATH\CodeIgniter.php(328): CodeIgniter\Events\Events::trigger('pre_system')
 8 FCPATH\index.php(67): CodeIgniter\CodeIgniter->run()
