CRITICAL - 2022-11-20 03:28:42 --> unlink(D:\Xampp\htdocs\restoran-ci4\ci4\writable\debugbar/debugbar_1668933659.533486.json): No such file or directory
in SYSTEMPATH\Debug\Toolbar\Collectors\History.php on line 76.
 1 [internal function]: CodeIgniter\Debug\Exceptions->errorHandler(2, 'unlink(D:\\Xampp\\htdocs\\restoran-ci4\\ci4\\writable\\debugbar/debugbar_1668933659.533486.json): No such file or directory', 'SYSTEMPATH\\Debug\\Toolbar\\Collectors\\History.php', 76)
 2 SYSTEMPATH\Debug\Toolbar\Collectors\History.php(76): unlink('FCPATH\\ci4\\writable\\debugbar/debugbar_1668933659.533486.json')
 3 SYSTEMPATH\Debug\Toolbar.php(500): CodeIgniter\Debug\Toolbar\Collectors\History->setFiles('1668936518.826108', 20)
 4 SYSTEMPATH\Debug\Toolbar.php(477): CodeIgniter\Debug\Toolbar->format([...], 'html')
 5 APPPATH\Config\Events.php(46): CodeIgniter\Debug\Toolbar->respond()
 6 SYSTEMPATH\Events\Events.php(149): CodeIgniter\Events\Events::Config\{closure}()
 7 SYSTEMPATH\CodeIgniter.php(328): CodeIgniter\Events\Events::trigger('pre_system')
 8 FCPATH\index.php(67): CodeIgniter\CodeIgniter->run()
CRITICAL - 2022-11-20 05:25:17 --> Undefined variable $kategori
in APPPATH\Views\menu\select.php on line 40.
 1 APPPATH\Views\menu\select.php(40): CodeIgniter\Debug\Exceptions->errorHandler(2, 'Undefined variable $kategori', 'APPPATH\\Views\\menu\\select.php', 40)
 2 SYSTEMPATH\View\View.php(213): include('APPPATH\\Views\\menu\\select.php')
 3 SYSTEMPATH\View\View.php(216): CodeIgniter\View\View->CodeIgniter\View\{closure}()
 4 SYSTEMPATH\Common.php(1134): CodeIgniter\View\View->render('menu/select', [], true)
 5 APPPATH\Controllers\Admin\Menu.php(23): view('menu/select', [...])
 6 SYSTEMPATH\CodeIgniter.php(927): App\Controllers\Admin\Menu->index()
 7 SYSTEMPATH\CodeIgniter.php(482): CodeIgniter\CodeIgniter->runController(Object(App\Controllers\Admin\Menu))
 8 SYSTEMPATH\CodeIgniter.php(351): CodeIgniter\CodeIgniter->handleRequest(null, Object(Config\Cache), false)
 9 FCPATH\index.php(67): CodeIgniter\CodeIgniter->run()
CRITICAL - 2022-11-20 05:43:13 --> Undefined array key "keterangan"
in APPPATH\Views\menu\select.php on line 44.
 1 APPPATH\Views\menu\select.php(44): CodeIgniter\Debug\Exceptions->errorHandler(2, 'Undefined array key "keterangan"', 'APPPATH\\Views\\menu\\select.php', 44)
 2 SYSTEMPATH\View\View.php(213): include('APPPATH\\Views\\menu\\select.php')
 3 SYSTEMPATH\View\View.php(216): CodeIgniter\View\View->CodeIgniter\View\{closure}()
 4 SYSTEMPATH\Common.php(1134): CodeIgniter\View\View->render('menu/select', [], true)
 5 APPPATH\Controllers\Admin\Menu.php(23): view('menu/select', [...])
 6 SYSTEMPATH\CodeIgniter.php(927): App\Controllers\Admin\Menu->index()
 7 SYSTEMPATH\CodeIgniter.php(482): CodeIgniter\CodeIgniter->runController(Object(App\Controllers\Admin\Menu))
 8 SYSTEMPATH\CodeIgniter.php(351): CodeIgniter\CodeIgniter->handleRequest(null, Object(Config\Cache), false)
 9 FCPATH\index.php(67): CodeIgniter\CodeIgniter->run()
