CRITICAL - 2022-11-07 18:50:49 --> Class "app\Controllers\BaseController" not found
in APPPATH\Controllers\Admin\Kategori.php on line 7.
 1 SYSTEMPATH\Router\AutoRouter.php(147): include_once()
 2 SYSTEMPATH\Router\Router.php(499): CodeIgniter\Router\AutoRouter->getRoute('admin/kategori/select')
 3 SYSTEMPATH\Router\Router.php(205): CodeIgniter\Router\Router->autoRoute('admin/kategori/select')
 4 SYSTEMPATH\CodeIgniter.php(802): CodeIgniter\Router\Router->handle('admin/kategori/select')
 5 SYSTEMPATH\CodeIgniter.php(430): CodeIgniter\CodeIgniter->tryToRouteIt(Object(CodeIgniter\Router\RouteCollection))
 6 SYSTEMPATH\CodeIgniter.php(351): CodeIgniter\CodeIgniter->handleRequest(null, Object(Config\Cache), false)
 7 FCPATH\index.php(67): CodeIgniter\CodeIgniter->run()
CRITICAL - 2022-11-07 18:51:48 --> Class "app\Controllers\BaseController" not found
in APPPATH\Controllers\Admin\Kategori.php on line 7.
 1 SYSTEMPATH\Router\AutoRouter.php(147): include_once()
 2 SYSTEMPATH\Router\Router.php(499): CodeIgniter\Router\AutoRouter->getRoute('admin/kategori/select')
 3 SYSTEMPATH\Router\Router.php(205): CodeIgniter\Router\Router->autoRoute('admin/kategori/select')
 4 SYSTEMPATH\CodeIgniter.php(802): CodeIgniter\Router\Router->handle('admin/kategori/select')
 5 SYSTEMPATH\CodeIgniter.php(430): CodeIgniter\CodeIgniter->tryToRouteIt(Object(CodeIgniter\Router\RouteCollection))
 6 SYSTEMPATH\CodeIgniter.php(351): CodeIgniter\CodeIgniter->handleRequest(null, Object(Config\Cache), false)
 7 FCPATH\index.php(67): CodeIgniter\CodeIgniter->run()
ERROR - 2022-11-07 23:24:46 --> Error connecting to the database: mysqli_sql_exception: Unknown database 'ci4' in D:\Xampp\htdocs\restoran-ci4\ci4\system\Database\MySQLi\Connection.php:171
Stack trace:
#0 D:\Xampp\htdocs\restoran-ci4\ci4\system\Database\MySQLi\Connection.php(171): mysqli->real_connect('localhost', 'root', '', 'ci4', 3306, '', 0)
#1 D:\Xampp\htdocs\restoran-ci4\ci4\system\Database\BaseConnection.php(382): CodeIgniter\Database\MySQLi\Connection->connect(false)
#2 D:\Xampp\htdocs\restoran-ci4\ci4\system\Database\BaseConnection.php(561): CodeIgniter\Database\BaseConnection->initialize()
#3 D:\Xampp\htdocs\restoran-ci4\ci4\system\Database\BaseBuilder.php(1585): CodeIgniter\Database\BaseConnection->query('SELECT *\nFROM `...', Array, false)
#4 D:\Xampp\htdocs\restoran-ci4\ci4\system\Model.php(223): CodeIgniter\Database\BaseBuilder->get()
#5 D:\Xampp\htdocs\restoran-ci4\ci4\system\BaseModel.php(585): CodeIgniter\Model->doFindAll(0, 0)
#6 D:\Xampp\htdocs\restoran-ci4\ci4\app\Controllers\Admin\Kategori.php(19): CodeIgniter\BaseModel->findAll()
#7 D:\Xampp\htdocs\restoran-ci4\ci4\system\CodeIgniter.php(927): App\Controllers\Admin\Kategori->select()
#8 D:\Xampp\htdocs\restoran-ci4\ci4\system\CodeIgniter.php(482): CodeIgniter\CodeIgniter->runController(Object(App\Controllers\Admin\Kategori))
#9 D:\Xampp\htdocs\restoran-ci4\ci4\system\CodeIgniter.php(351): CodeIgniter\CodeIgniter->handleRequest(NULL, Object(Config\Cache), false)
#10 D:\Xampp\htdocs\restoran-ci4\index.php(67): CodeIgniter\CodeIgniter->run()
#11 {main}

Next CodeIgniter\Database\Exceptions\DatabaseException: Unknown database 'ci4' in D:\Xampp\htdocs\restoran-ci4\ci4\system\Database\MySQLi\Connection.php:215
Stack trace:
#0 D:\Xampp\htdocs\restoran-ci4\ci4\system\Database\BaseConnection.php(382): CodeIgniter\Database\MySQLi\Connection->connect(false)
#1 D:\Xampp\htdocs\restoran-ci4\ci4\system\Database\BaseConnection.php(561): CodeIgniter\Database\BaseConnection->initialize()
#2 D:\Xampp\htdocs\restoran-ci4\ci4\system\Database\BaseBuilder.php(1585): CodeIgniter\Database\BaseConnection->query('SELECT *\nFROM `...', Array, false)
#3 D:\Xampp\htdocs\restoran-ci4\ci4\system\Model.php(223): CodeIgniter\Database\BaseBuilder->get()
#4 D:\Xampp\htdocs\restoran-ci4\ci4\system\BaseModel.php(585): CodeIgniter\Model->doFindAll(0, 0)
#5 D:\Xampp\htdocs\restoran-ci4\ci4\app\Controllers\Admin\Kategori.php(19): CodeIgniter\BaseModel->findAll()
#6 D:\Xampp\htdocs\restoran-ci4\ci4\system\CodeIgniter.php(927): App\Controllers\Admin\Kategori->select()
#7 D:\Xampp\htdocs\restoran-ci4\ci4\system\CodeIgniter.php(482): CodeIgniter\CodeIgniter->runController(Object(App\Controllers\Admin\Kategori))
#8 D:\Xampp\htdocs\restoran-ci4\ci4\system\CodeIgniter.php(351): CodeIgniter\CodeIgniter->handleRequest(NULL, Object(Config\Cache), false)
#9 D:\Xampp\htdocs\restoran-ci4\index.php(67): CodeIgniter\CodeIgniter->run()
#10 {main}
CRITICAL - 2022-11-07 23:24:46 --> Unable to connect to the database.
Main connection [MySQLi]: Unknown database 'ci4'
in SYSTEMPATH\Database\BaseConnection.php on line 418.
 1 SYSTEMPATH\Database\BaseConnection.php(561): CodeIgniter\Database\BaseConnection->initialize()
 2 SYSTEMPATH\Database\BaseBuilder.php(1585): CodeIgniter\Database\BaseConnection->query('SELECT *
FROM `tblkategori`', [], false)
 3 SYSTEMPATH\Model.php(223): CodeIgniter\Database\BaseBuilder->get()
 4 SYSTEMPATH\BaseModel.php(585): CodeIgniter\Model->doFindAll(0, 0)
 5 APPPATH\Controllers\Admin\Kategori.php(19): CodeIgniter\BaseModel->findAll()
 6 SYSTEMPATH\CodeIgniter.php(927): App\Controllers\Admin\Kategori->select()
 7 SYSTEMPATH\CodeIgniter.php(482): CodeIgniter\CodeIgniter->runController(Object(App\Controllers\Admin\Kategori))
 8 SYSTEMPATH\CodeIgniter.php(351): CodeIgniter\CodeIgniter->handleRequest(null, Object(Config\Cache), false)
 9 FCPATH\index.php(67): CodeIgniter\CodeIgniter->run()
ERROR - 2022-11-07 23:25:36 --> Error connecting to the database: mysqli_sql_exception: Unknown database 'ci4' in D:\Xampp\htdocs\restoran-ci4\ci4\system\Database\MySQLi\Connection.php:171
Stack trace:
#0 D:\Xampp\htdocs\restoran-ci4\ci4\system\Database\MySQLi\Connection.php(171): mysqli->real_connect('localhost', 'root', '', 'ci4', 3306, '', 0)
#1 D:\Xampp\htdocs\restoran-ci4\ci4\system\Database\BaseConnection.php(382): CodeIgniter\Database\MySQLi\Connection->connect(false)
#2 D:\Xampp\htdocs\restoran-ci4\ci4\system\Database\BaseConnection.php(561): CodeIgniter\Database\BaseConnection->initialize()
#3 D:\Xampp\htdocs\restoran-ci4\ci4\system\Database\BaseBuilder.php(1585): CodeIgniter\Database\BaseConnection->query('SELECT *\nFROM `...', Array, false)
#4 D:\Xampp\htdocs\restoran-ci4\ci4\system\Model.php(223): CodeIgniter\Database\BaseBuilder->get()
#5 D:\Xampp\htdocs\restoran-ci4\ci4\system\BaseModel.php(585): CodeIgniter\Model->doFindAll(0, 0)
#6 D:\Xampp\htdocs\restoran-ci4\ci4\app\Controllers\Admin\Kategori.php(19): CodeIgniter\BaseModel->findAll()
#7 D:\Xampp\htdocs\restoran-ci4\ci4\system\CodeIgniter.php(927): App\Controllers\Admin\Kategori->select()
#8 D:\Xampp\htdocs\restoran-ci4\ci4\system\CodeIgniter.php(482): CodeIgniter\CodeIgniter->runController(Object(App\Controllers\Admin\Kategori))
#9 D:\Xampp\htdocs\restoran-ci4\ci4\system\CodeIgniter.php(351): CodeIgniter\CodeIgniter->handleRequest(NULL, Object(Config\Cache), false)
#10 D:\Xampp\htdocs\restoran-ci4\index.php(67): CodeIgniter\CodeIgniter->run()
#11 {main}

Next CodeIgniter\Database\Exceptions\DatabaseException: Unknown database 'ci4' in D:\Xampp\htdocs\restoran-ci4\ci4\system\Database\MySQLi\Connection.php:215
Stack trace:
#0 D:\Xampp\htdocs\restoran-ci4\ci4\system\Database\BaseConnection.php(382): CodeIgniter\Database\MySQLi\Connection->connect(false)
#1 D:\Xampp\htdocs\restoran-ci4\ci4\system\Database\BaseConnection.php(561): CodeIgniter\Database\BaseConnection->initialize()
#2 D:\Xampp\htdocs\restoran-ci4\ci4\system\Database\BaseBuilder.php(1585): CodeIgniter\Database\BaseConnection->query('SELECT *\nFROM `...', Array, false)
#3 D:\Xampp\htdocs\restoran-ci4\ci4\system\Model.php(223): CodeIgniter\Database\BaseBuilder->get()
#4 D:\Xampp\htdocs\restoran-ci4\ci4\system\BaseModel.php(585): CodeIgniter\Model->doFindAll(0, 0)
#5 D:\Xampp\htdocs\restoran-ci4\ci4\app\Controllers\Admin\Kategori.php(19): CodeIgniter\BaseModel->findAll()
#6 D:\Xampp\htdocs\restoran-ci4\ci4\system\CodeIgniter.php(927): App\Controllers\Admin\Kategori->select()
#7 D:\Xampp\htdocs\restoran-ci4\ci4\system\CodeIgniter.php(482): CodeIgniter\CodeIgniter->runController(Object(App\Controllers\Admin\Kategori))
#8 D:\Xampp\htdocs\restoran-ci4\ci4\system\CodeIgniter.php(351): CodeIgniter\CodeIgniter->handleRequest(NULL, Object(Config\Cache), false)
#9 D:\Xampp\htdocs\restoran-ci4\index.php(67): CodeIgniter\CodeIgniter->run()
#10 {main}
CRITICAL - 2022-11-07 23:25:36 --> Unable to connect to the database.
Main connection [MySQLi]: Unknown database 'ci4'
in SYSTEMPATH\Database\BaseConnection.php on line 418.
 1 SYSTEMPATH\Database\BaseConnection.php(561): CodeIgniter\Database\BaseConnection->initialize()
 2 SYSTEMPATH\Database\BaseBuilder.php(1585): CodeIgniter\Database\BaseConnection->query('SELECT *
FROM `tblkategori`', [], false)
 3 SYSTEMPATH\Model.php(223): CodeIgniter\Database\BaseBuilder->get()
 4 SYSTEMPATH\BaseModel.php(585): CodeIgniter\Model->doFindAll(0, 0)
 5 APPPATH\Controllers\Admin\Kategori.php(19): CodeIgniter\BaseModel->findAll()
 6 SYSTEMPATH\CodeIgniter.php(927): App\Controllers\Admin\Kategori->select()
 7 SYSTEMPATH\CodeIgniter.php(482): CodeIgniter\CodeIgniter->runController(Object(App\Controllers\Admin\Kategori))
 8 SYSTEMPATH\CodeIgniter.php(351): CodeIgniter\CodeIgniter->handleRequest(null, Object(Config\Cache), false)
 9 FCPATH\index.php(67): CodeIgniter\CodeIgniter->run()
CRITICAL - 2022-11-07 23:33:57 --> Array to string conversion
in APPPATH\Views\kategori\select.php on line 8.
 1 APPPATH\Views\kategori\select.php(8): CodeIgniter\Debug\Exceptions->errorHandler(2, 'Array to string conversion', 'APPPATH\\Views\\kategori\\select.php', 8)
 2 SYSTEMPATH\View\View.php(213): include('APPPATH\\Views\\kategori\\select.php')
 3 SYSTEMPATH\View\View.php(216): CodeIgniter\View\View->CodeIgniter\View\{closure}()
 4 SYSTEMPATH\Common.php(1134): CodeIgniter\View\View->render('kategori/select', [], true)
 5 APPPATH\Controllers\Admin\Kategori.php(30): view('kategori/select', [...])
 6 SYSTEMPATH\CodeIgniter.php(927): App\Controllers\Admin\Kategori->select()
 7 SYSTEMPATH\CodeIgniter.php(482): CodeIgniter\CodeIgniter->runController(Object(App\Controllers\Admin\Kategori))
 8 SYSTEMPATH\CodeIgniter.php(351): CodeIgniter\CodeIgniter->handleRequest(null, Object(Config\Cache), false)
 9 FCPATH\index.php(67): CodeIgniter\CodeIgniter->run()
CRITICAL - 2022-11-07 23:35:01 --> Array to string conversion
in APPPATH\Views\kategori\select.php on line 11.
 1 APPPATH\Views\kategori\select.php(11): CodeIgniter\Debug\Exceptions->errorHandler(2, 'Array to string conversion', 'APPPATH\\Views\\kategori\\select.php', 11)
 2 SYSTEMPATH\View\View.php(213): include('APPPATH\\Views\\kategori\\select.php')
 3 SYSTEMPATH\View\View.php(216): CodeIgniter\View\View->CodeIgniter\View\{closure}()
 4 SYSTEMPATH\Common.php(1134): CodeIgniter\View\View->render('kategori/select', [], true)
 5 APPPATH\Controllers\Admin\Kategori.php(30): view('kategori/select', [...])
 6 SYSTEMPATH\CodeIgniter.php(927): App\Controllers\Admin\Kategori->select()
 7 SYSTEMPATH\CodeIgniter.php(482): CodeIgniter\CodeIgniter->runController(Object(App\Controllers\Admin\Kategori))
 8 SYSTEMPATH\CodeIgniter.php(351): CodeIgniter\CodeIgniter->handleRequest(null, Object(Config\Cache), false)
 9 FCPATH\index.php(67): CodeIgniter\CodeIgniter->run()
