CRITICAL - 2022-11-27 20:56:29 --> syntax error, unexpected token "echo"
in APPPATH\Views\menu\update.php on line 10.
 1 SYSTEMPATH\View\View.php(216): CodeIgniter\View\View->CodeIgniter\View\{closure}()
 2 SYSTEMPATH\Common.php(1134): CodeIgniter\View\View->render('menu/update', [], true)
 3 APPPATH\Controllers\Admin\Menu.php(112): view('menu/update', [...])
 4 SYSTEMPATH\CodeIgniter.php(927): App\Controllers\Admin\Menu->find('19')
 5 SYSTEMPATH\CodeIgniter.php(482): CodeIgniter\CodeIgniter->runController(Object(App\Controllers\Admin\Menu))
 6 SYSTEMPATH\CodeIgniter.php(351): CodeIgniter\CodeIgniter->handleRequest(null, Object(Config\Cache), false)
 7 FCPATH\index.php(67): CodeIgniter\CodeIgniter->run()
CRITICAL - 2022-11-27 22:19:39 --> Undefined array key "pelanggan"
in APPPATH\Views\pelanggan\select.php on line 43.
 1 APPPATH\Views\pelanggan\select.php(43): CodeIgniter\Debug\Exceptions->errorHandler(2, 'Undefined array key "pelanggan"', 'APPPATH\\Views\\pelanggan\\select.php', 43)
 2 SYSTEMPATH\View\View.php(213): include('APPPATH\\Views\\pelanggan\\select.php')
 3 SYSTEMPATH\View\View.php(216): CodeIgniter\View\View->CodeIgniter\View\{closure}()
 4 SYSTEMPATH\Common.php(1134): CodeIgniter\View\View->render('pelanggan/select', [], true)
 5 APPPATH\Controllers\Admin\pelanggan.php(21): view('pelanggan/select', [...])
 6 SYSTEMPATH\CodeIgniter.php(927): App\Controllers\Admin\Pelanggan->index()
 7 SYSTEMPATH\CodeIgniter.php(482): CodeIgniter\CodeIgniter->runController(Object(App\Controllers\Admin\Pelanggan))
 8 SYSTEMPATH\CodeIgniter.php(351): CodeIgniter\CodeIgniter->handleRequest(null, Object(Config\Cache), false)
 9 FCPATH\index.php(67): CodeIgniter\CodeIgniter->run()
CRITICAL - 2022-11-27 22:20:50 --> Undefined array key "pelanggan"
in APPPATH\Views\pelanggan\select.php on line 43.
 1 APPPATH\Views\pelanggan\select.php(43): CodeIgniter\Debug\Exceptions->errorHandler(2, 'Undefined array key "pelanggan"', 'APPPATH\\Views\\pelanggan\\select.php', 43)
 2 SYSTEMPATH\View\View.php(213): include('APPPATH\\Views\\pelanggan\\select.php')
 3 SYSTEMPATH\View\View.php(216): CodeIgniter\View\View->CodeIgniter\View\{closure}()
 4 SYSTEMPATH\Common.php(1134): CodeIgniter\View\View->render('pelanggan/select', [], true)
 5 APPPATH\Controllers\Admin\pelanggan.php(21): view('pelanggan/select', [...])
 6 SYSTEMPATH\CodeIgniter.php(927): App\Controllers\Admin\Pelanggan->index()
 7 SYSTEMPATH\CodeIgniter.php(482): CodeIgniter\CodeIgniter->runController(Object(App\Controllers\Admin\Pelanggan))
 8 SYSTEMPATH\CodeIgniter.php(351): CodeIgniter\CodeIgniter->handleRequest(null, Object(Config\Cache), false)
 9 FCPATH\index.php(67): CodeIgniter\CodeIgniter->run()
CRITICAL - 2022-11-27 22:21:14 --> Undefined array key "pelanggan"
in APPPATH\Views\pelanggan\select.php on line 43.
 1 APPPATH\Views\pelanggan\select.php(43): CodeIgniter\Debug\Exceptions->errorHandler(2, 'Undefined array key "pelanggan"', 'APPPATH\\Views\\pelanggan\\select.php', 43)
 2 SYSTEMPATH\View\View.php(213): include('APPPATH\\Views\\pelanggan\\select.php')
 3 SYSTEMPATH\View\View.php(216): CodeIgniter\View\View->CodeIgniter\View\{closure}()
 4 SYSTEMPATH\Common.php(1134): CodeIgniter\View\View->render('pelanggan/select', [], true)
 5 APPPATH\Controllers\Admin\pelanggan.php(21): view('pelanggan/select', [...])
 6 SYSTEMPATH\CodeIgniter.php(927): App\Controllers\Admin\Pelanggan->index()
 7 SYSTEMPATH\CodeIgniter.php(482): CodeIgniter\CodeIgniter->runController(Object(App\Controllers\Admin\Pelanggan))
 8 SYSTEMPATH\CodeIgniter.php(351): CodeIgniter\CodeIgniter->handleRequest(null, Object(Config\Cache), false)
 9 FCPATH\index.php(67): CodeIgniter\CodeIgniter->run()
CRITICAL - 2022-11-27 22:22:40 --> Undefined array key "pelanggan"
in APPPATH\Views\pelanggan\select.php on line 43.
 1 APPPATH\Views\pelanggan\select.php(43): CodeIgniter\Debug\Exceptions->errorHandler(2, 'Undefined array key "pelanggan"', 'APPPATH\\Views\\pelanggan\\select.php', 43)
 2 SYSTEMPATH\View\View.php(213): include('APPPATH\\Views\\pelanggan\\select.php')
 3 SYSTEMPATH\View\View.php(216): CodeIgniter\View\View->CodeIgniter\View\{closure}()
 4 SYSTEMPATH\Common.php(1134): CodeIgniter\View\View->render('pelanggan/select', [], true)
 5 APPPATH\Controllers\Admin\pelanggan.php(21): view('pelanggan/select', [...])
 6 SYSTEMPATH\CodeIgniter.php(927): App\Controllers\Admin\Pelanggan->index()
 7 SYSTEMPATH\CodeIgniter.php(482): CodeIgniter\CodeIgniter->runController(Object(App\Controllers\Admin\Pelanggan))
 8 SYSTEMPATH\CodeIgniter.php(351): CodeIgniter\CodeIgniter->handleRequest(null, Object(Config\Cache), false)
 9 FCPATH\index.php(67): CodeIgniter\CodeIgniter->run()
CRITICAL - 2022-11-27 22:23:58 --> Undefined variable $kategori
in APPPATH\Views\pelanggan\select.php on line 40.
 1 APPPATH\Views\pelanggan\select.php(40): CodeIgniter\Debug\Exceptions->errorHandler(2, 'Undefined variable $kategori', 'APPPATH\\Views\\pelanggan\\select.php', 40)
 2 SYSTEMPATH\View\View.php(213): include('APPPATH\\Views\\pelanggan\\select.php')
 3 SYSTEMPATH\View\View.php(216): CodeIgniter\View\View->CodeIgniter\View\{closure}()
 4 SYSTEMPATH\Common.php(1134): CodeIgniter\View\View->render('pelanggan/select', [], true)
 5 APPPATH\Controllers\Admin\pelanggan.php(21): view('pelanggan/select', [...])
 6 SYSTEMPATH\CodeIgniter.php(927): App\Controllers\Admin\Pelanggan->index()
 7 SYSTEMPATH\CodeIgniter.php(482): CodeIgniter\CodeIgniter->runController(Object(App\Controllers\Admin\Pelanggan))
 8 SYSTEMPATH\CodeIgniter.php(351): CodeIgniter\CodeIgniter->handleRequest(null, Object(Config\Cache), false)
 9 FCPATH\index.php(67): CodeIgniter\CodeIgniter->run()
CRITICAL - 2022-11-27 22:24:21 --> Undefined array key "pelanggan"
in APPPATH\Views\pelanggan\select.php on line 43.
 1 APPPATH\Views\pelanggan\select.php(43): CodeIgniter\Debug\Exceptions->errorHandler(2, 'Undefined array key "pelanggan"', 'APPPATH\\Views\\pelanggan\\select.php', 43)
 2 SYSTEMPATH\View\View.php(213): include('APPPATH\\Views\\pelanggan\\select.php')
 3 SYSTEMPATH\View\View.php(216): CodeIgniter\View\View->CodeIgniter\View\{closure}()
 4 SYSTEMPATH\Common.php(1134): CodeIgniter\View\View->render('pelanggan/select', [], true)
 5 APPPATH\Controllers\Admin\pelanggan.php(21): view('pelanggan/select', [...])
 6 SYSTEMPATH\CodeIgniter.php(927): App\Controllers\Admin\Pelanggan->index()
 7 SYSTEMPATH\CodeIgniter.php(482): CodeIgniter\CodeIgniter->runController(Object(App\Controllers\Admin\Pelanggan))
 8 SYSTEMPATH\CodeIgniter.php(351): CodeIgniter\CodeIgniter->handleRequest(null, Object(Config\Cache), false)
 9 FCPATH\index.php(67): CodeIgniter\CodeIgniter->run()
CRITICAL - 2022-11-27 22:26:17 --> Undefined array key "pelanggan"
in APPPATH\Views\pelanggan\select.php on line 43.
 1 APPPATH\Views\pelanggan\select.php(43): CodeIgniter\Debug\Exceptions->errorHandler(2, 'Undefined array key "pelanggan"', 'APPPATH\\Views\\pelanggan\\select.php', 43)
 2 SYSTEMPATH\View\View.php(213): include('APPPATH\\Views\\pelanggan\\select.php')
 3 SYSTEMPATH\View\View.php(216): CodeIgniter\View\View->CodeIgniter\View\{closure}()
 4 SYSTEMPATH\Common.php(1134): CodeIgniter\View\View->render('pelanggan/select', [], true)
 5 APPPATH\Controllers\Admin\pelanggan.php(21): view('pelanggan/select', [...])
 6 SYSTEMPATH\CodeIgniter.php(927): App\Controllers\Admin\Pelanggan->index()
 7 SYSTEMPATH\CodeIgniter.php(482): CodeIgniter\CodeIgniter->runController(Object(App\Controllers\Admin\Pelanggan))
 8 SYSTEMPATH\CodeIgniter.php(351): CodeIgniter\CodeIgniter->handleRequest(null, Object(Config\Cache), false)
 9 FCPATH\index.php(67): CodeIgniter\CodeIgniter->run()
CRITICAL - 2022-11-27 22:27:39 --> Undefined array key "pelanggan"
in APPPATH\Views\pelanggan\select.php on line 43.
 1 APPPATH\Views\pelanggan\select.php(43): CodeIgniter\Debug\Exceptions->errorHandler(2, 'Undefined array key "pelanggan"', 'APPPATH\\Views\\pelanggan\\select.php', 43)
 2 SYSTEMPATH\View\View.php(213): include('APPPATH\\Views\\pelanggan\\select.php')
 3 SYSTEMPATH\View\View.php(216): CodeIgniter\View\View->CodeIgniter\View\{closure}()
 4 SYSTEMPATH\Common.php(1134): CodeIgniter\View\View->render('pelanggan/select', [], true)
 5 APPPATH\Controllers\Admin\pelanggan.php(21): view('pelanggan/select', [...])
 6 SYSTEMPATH\CodeIgniter.php(927): App\Controllers\Admin\Pelanggan->index()
 7 SYSTEMPATH\CodeIgniter.php(482): CodeIgniter\CodeIgniter->runController(Object(App\Controllers\Admin\Pelanggan))
 8 SYSTEMPATH\CodeIgniter.php(351): CodeIgniter\CodeIgniter->handleRequest(null, Object(Config\Cache), false)
 9 FCPATH\index.php(67): CodeIgniter\CodeIgniter->run()
CRITICAL - 2022-11-27 22:28:11 --> Array to string conversion
in APPPATH\Views\pelanggan\select.php on line 43.
 1 APPPATH\Views\pelanggan\select.php(43): CodeIgniter\Debug\Exceptions->errorHandler(2, 'Array to string conversion', 'APPPATH\\Views\\pelanggan\\select.php', 43)
 2 SYSTEMPATH\View\View.php(213): include('APPPATH\\Views\\pelanggan\\select.php')
 3 SYSTEMPATH\View\View.php(216): CodeIgniter\View\View->CodeIgniter\View\{closure}()
 4 SYSTEMPATH\Common.php(1134): CodeIgniter\View\View->render('pelanggan/select', [], true)
 5 APPPATH\Controllers\Admin\pelanggan.php(21): view('pelanggan/select', [...])
 6 SYSTEMPATH\CodeIgniter.php(927): App\Controllers\Admin\Pelanggan->index()
 7 SYSTEMPATH\CodeIgniter.php(482): CodeIgniter\CodeIgniter->runController(Object(App\Controllers\Admin\Pelanggan))
 8 SYSTEMPATH\CodeIgniter.php(351): CodeIgniter\CodeIgniter->handleRequest(null, Object(Config\Cache), false)
 9 FCPATH\index.php(67): CodeIgniter\CodeIgniter->run()
CRITICAL - 2022-11-27 22:28:28 --> Undefined array key "alamat"
in APPPATH\Views\pelanggan\select.php on line 44.
 1 APPPATH\Views\pelanggan\select.php(44): CodeIgniter\Debug\Exceptions->errorHandler(2, 'Undefined array key "alamat"', 'APPPATH\\Views\\pelanggan\\select.php', 44)
 2 SYSTEMPATH\View\View.php(213): include('APPPATH\\Views\\pelanggan\\select.php')
 3 SYSTEMPATH\View\View.php(216): CodeIgniter\View\View->CodeIgniter\View\{closure}()
 4 SYSTEMPATH\Common.php(1134): CodeIgniter\View\View->render('pelanggan/select', [], true)
 5 APPPATH\Controllers\Admin\pelanggan.php(21): view('pelanggan/select', [...])
 6 SYSTEMPATH\CodeIgniter.php(927): App\Controllers\Admin\Pelanggan->index()
 7 SYSTEMPATH\CodeIgniter.php(482): CodeIgniter\CodeIgniter->runController(Object(App\Controllers\Admin\Pelanggan))
 8 SYSTEMPATH\CodeIgniter.php(351): CodeIgniter\CodeIgniter->handleRequest(null, Object(Config\Cache), false)
 9 FCPATH\index.php(67): CodeIgniter\CodeIgniter->run()
CRITICAL - 2022-11-27 22:28:47 --> Undefined array key "pelanggan"
in APPPATH\Views\pelanggan\select.php on line 43.
 1 APPPATH\Views\pelanggan\select.php(43): CodeIgniter\Debug\Exceptions->errorHandler(2, 'Undefined array key "pelanggan"', 'APPPATH\\Views\\pelanggan\\select.php', 43)
 2 SYSTEMPATH\View\View.php(213): include('APPPATH\\Views\\pelanggan\\select.php')
 3 SYSTEMPATH\View\View.php(216): CodeIgniter\View\View->CodeIgniter\View\{closure}()
 4 SYSTEMPATH\Common.php(1134): CodeIgniter\View\View->render('pelanggan/select', [], true)
 5 APPPATH\Controllers\Admin\pelanggan.php(21): view('pelanggan/select', [...])
 6 SYSTEMPATH\CodeIgniter.php(927): App\Controllers\Admin\Pelanggan->index()
 7 SYSTEMPATH\CodeIgniter.php(482): CodeIgniter\CodeIgniter->runController(Object(App\Controllers\Admin\Pelanggan))
 8 SYSTEMPATH\CodeIgniter.php(351): CodeIgniter\CodeIgniter->handleRequest(null, Object(Config\Cache), false)
 9 FCPATH\index.php(67): CodeIgniter\CodeIgniter->run()
CRITICAL - 2022-11-27 22:28:47 --> Undefined array key "pelanggan"
in APPPATH\Views\pelanggan\select.php on line 43.
 1 APPPATH\Views\pelanggan\select.php(43): CodeIgniter\Debug\Exceptions->errorHandler(2, 'Undefined array key "pelanggan"', 'APPPATH\\Views\\pelanggan\\select.php', 43)
 2 SYSTEMPATH\View\View.php(213): include('APPPATH\\Views\\pelanggan\\select.php')
 3 SYSTEMPATH\View\View.php(216): CodeIgniter\View\View->CodeIgniter\View\{closure}()
 4 SYSTEMPATH\Common.php(1134): CodeIgniter\View\View->render('pelanggan/select', [], true)
 5 APPPATH\Controllers\Admin\pelanggan.php(21): view('pelanggan/select', [...])
 6 SYSTEMPATH\CodeIgniter.php(927): App\Controllers\Admin\Pelanggan->index()
 7 SYSTEMPATH\CodeIgniter.php(482): CodeIgniter\CodeIgniter->runController(Object(App\Controllers\Admin\Pelanggan))
 8 SYSTEMPATH\CodeIgniter.php(351): CodeIgniter\CodeIgniter->handleRequest(null, Object(Config\Cache), false)
 9 FCPATH\index.php(67): CodeIgniter\CodeIgniter->run()
CRITICAL - 2022-11-27 22:30:22 --> Undefined variable $pelanggan
in APPPATH\Views\pelanggan\select.php on line 40.
 1 APPPATH\Views\pelanggan\select.php(40): CodeIgniter\Debug\Exceptions->errorHandler(2, 'Undefined variable $pelanggan', 'APPPATH\\Views\\pelanggan\\select.php', 40)
 2 SYSTEMPATH\View\View.php(213): include('APPPATH\\Views\\pelanggan\\select.php')
 3 SYSTEMPATH\View\View.php(216): CodeIgniter\View\View->CodeIgniter\View\{closure}()
 4 SYSTEMPATH\Common.php(1134): CodeIgniter\View\View->render('pelanggan/select', [], true)
 5 APPPATH\Controllers\Admin\pelanggan.php(21): view('pelanggan/select', [...])
 6 SYSTEMPATH\CodeIgniter.php(927): App\Controllers\Admin\Pelanggan->index()
 7 SYSTEMPATH\CodeIgniter.php(482): CodeIgniter\CodeIgniter->runController(Object(App\Controllers\Admin\Pelanggan))
 8 SYSTEMPATH\CodeIgniter.php(351): CodeIgniter\CodeIgniter->handleRequest(null, Object(Config\Cache), false)
 9 FCPATH\index.php(67): CodeIgniter\CodeIgniter->run()
CRITICAL - 2022-11-27 22:30:23 --> Undefined variable $pelanggan
in APPPATH\Views\pelanggan\select.php on line 40.
 1 APPPATH\Views\pelanggan\select.php(40): CodeIgniter\Debug\Exceptions->errorHandler(2, 'Undefined variable $pelanggan', 'APPPATH\\Views\\pelanggan\\select.php', 40)
 2 SYSTEMPATH\View\View.php(213): include('APPPATH\\Views\\pelanggan\\select.php')
 3 SYSTEMPATH\View\View.php(216): CodeIgniter\View\View->CodeIgniter\View\{closure}()
 4 SYSTEMPATH\Common.php(1134): CodeIgniter\View\View->render('pelanggan/select', [], true)
 5 APPPATH\Controllers\Admin\pelanggan.php(21): view('pelanggan/select', [...])
 6 SYSTEMPATH\CodeIgniter.php(927): App\Controllers\Admin\Pelanggan->index()
 7 SYSTEMPATH\CodeIgniter.php(482): CodeIgniter\CodeIgniter->runController(Object(App\Controllers\Admin\Pelanggan))
 8 SYSTEMPATH\CodeIgniter.php(351): CodeIgniter\CodeIgniter->handleRequest(null, Object(Config\Cache), false)
 9 FCPATH\index.php(67): CodeIgniter\CodeIgniter->run()
CRITICAL - 2022-11-27 22:30:45 --> Undefined array key "pelanggan"
in APPPATH\Views\pelanggan\select.php on line 43.
 1 APPPATH\Views\pelanggan\select.php(43): CodeIgniter\Debug\Exceptions->errorHandler(2, 'Undefined array key "pelanggan"', 'APPPATH\\Views\\pelanggan\\select.php', 43)
 2 SYSTEMPATH\View\View.php(213): include('APPPATH\\Views\\pelanggan\\select.php')
 3 SYSTEMPATH\View\View.php(216): CodeIgniter\View\View->CodeIgniter\View\{closure}()
 4 SYSTEMPATH\Common.php(1134): CodeIgniter\View\View->render('pelanggan/select', [], true)
 5 APPPATH\Controllers\Admin\pelanggan.php(21): view('pelanggan/select', [...])
 6 SYSTEMPATH\CodeIgniter.php(927): App\Controllers\Admin\Pelanggan->index()
 7 SYSTEMPATH\CodeIgniter.php(482): CodeIgniter\CodeIgniter->runController(Object(App\Controllers\Admin\Pelanggan))
 8 SYSTEMPATH\CodeIgniter.php(351): CodeIgniter\CodeIgniter->handleRequest(null, Object(Config\Cache), false)
 9 FCPATH\index.php(67): CodeIgniter\CodeIgniter->run()
CRITICAL - 2022-11-27 22:30:46 --> Undefined array key "pelanggan"
in APPPATH\Views\pelanggan\select.php on line 43.
 1 APPPATH\Views\pelanggan\select.php(43): CodeIgniter\Debug\Exceptions->errorHandler(2, 'Undefined array key "pelanggan"', 'APPPATH\\Views\\pelanggan\\select.php', 43)
 2 SYSTEMPATH\View\View.php(213): include('APPPATH\\Views\\pelanggan\\select.php')
 3 SYSTEMPATH\View\View.php(216): CodeIgniter\View\View->CodeIgniter\View\{closure}()
 4 SYSTEMPATH\Common.php(1134): CodeIgniter\View\View->render('pelanggan/select', [], true)
 5 APPPATH\Controllers\Admin\pelanggan.php(21): view('pelanggan/select', [...])
 6 SYSTEMPATH\CodeIgniter.php(927): App\Controllers\Admin\Pelanggan->index()
 7 SYSTEMPATH\CodeIgniter.php(482): CodeIgniter\CodeIgniter->runController(Object(App\Controllers\Admin\Pelanggan))
 8 SYSTEMPATH\CodeIgniter.php(351): CodeIgniter\CodeIgniter->handleRequest(null, Object(Config\Cache), false)
 9 FCPATH\index.php(67): CodeIgniter\CodeIgniter->run()
CRITICAL - 2022-11-27 22:30:47 --> Undefined array key "pelanggan"
in APPPATH\Views\pelanggan\select.php on line 43.
 1 APPPATH\Views\pelanggan\select.php(43): CodeIgniter\Debug\Exceptions->errorHandler(2, 'Undefined array key "pelanggan"', 'APPPATH\\Views\\pelanggan\\select.php', 43)
 2 SYSTEMPATH\View\View.php(213): include('APPPATH\\Views\\pelanggan\\select.php')
 3 SYSTEMPATH\View\View.php(216): CodeIgniter\View\View->CodeIgniter\View\{closure}()
 4 SYSTEMPATH\Common.php(1134): CodeIgniter\View\View->render('pelanggan/select', [], true)
 5 APPPATH\Controllers\Admin\pelanggan.php(21): view('pelanggan/select', [...])
 6 SYSTEMPATH\CodeIgniter.php(927): App\Controllers\Admin\Pelanggan->index()
 7 SYSTEMPATH\CodeIgniter.php(482): CodeIgniter\CodeIgniter->runController(Object(App\Controllers\Admin\Pelanggan))
 8 SYSTEMPATH\CodeIgniter.php(351): CodeIgniter\CodeIgniter->handleRequest(null, Object(Config\Cache), false)
 9 FCPATH\index.php(67): CodeIgniter\CodeIgniter->run()
CRITICAL - 2022-11-27 22:32:29 --> Undefined array key "idpelanggan"
in APPPATH\Views\pelanggan\select.php on line 43.
 1 APPPATH\Views\pelanggan\select.php(43): CodeIgniter\Debug\Exceptions->errorHandler(2, 'Undefined array key "idpelanggan"', 'APPPATH\\Views\\pelanggan\\select.php', 43)
 2 SYSTEMPATH\View\View.php(213): include('APPPATH\\Views\\pelanggan\\select.php')
 3 SYSTEMPATH\View\View.php(216): CodeIgniter\View\View->CodeIgniter\View\{closure}()
 4 SYSTEMPATH\Common.php(1134): CodeIgniter\View\View->render('pelanggan/select', [], true)
 5 APPPATH\Controllers\Admin\pelanggan.php(21): view('pelanggan/select', [...])
 6 SYSTEMPATH\CodeIgniter.php(927): App\Controllers\Admin\Pelanggan->index()
 7 SYSTEMPATH\CodeIgniter.php(482): CodeIgniter\CodeIgniter->runController(Object(App\Controllers\Admin\Pelanggan))
 8 SYSTEMPATH\CodeIgniter.php(351): CodeIgniter\CodeIgniter->handleRequest(null, Object(Config\Cache), false)
 9 FCPATH\index.php(67): CodeIgniter\CodeIgniter->run()
CRITICAL - 2022-11-27 22:32:41 --> Undefined array key "pelanggan"
in APPPATH\Views\pelanggan\select.php on line 43.
 1 APPPATH\Views\pelanggan\select.php(43): CodeIgniter\Debug\Exceptions->errorHandler(2, 'Undefined array key "pelanggan"', 'APPPATH\\Views\\pelanggan\\select.php', 43)
 2 SYSTEMPATH\View\View.php(213): include('APPPATH\\Views\\pelanggan\\select.php')
 3 SYSTEMPATH\View\View.php(216): CodeIgniter\View\View->CodeIgniter\View\{closure}()
 4 SYSTEMPATH\Common.php(1134): CodeIgniter\View\View->render('pelanggan/select', [], true)
 5 APPPATH\Controllers\Admin\pelanggan.php(21): view('pelanggan/select', [...])
 6 SYSTEMPATH\CodeIgniter.php(927): App\Controllers\Admin\Pelanggan->index()
 7 SYSTEMPATH\CodeIgniter.php(482): CodeIgniter\CodeIgniter->runController(Object(App\Controllers\Admin\Pelanggan))
 8 SYSTEMPATH\CodeIgniter.php(351): CodeIgniter\CodeIgniter->handleRequest(null, Object(Config\Cache), false)
 9 FCPATH\index.php(67): CodeIgniter\CodeIgniter->run()
CRITICAL - 2022-11-27 22:33:03 --> Undefined array key "pelanggan"
in APPPATH\Views\pelanggan\select.php on line 43.
 1 APPPATH\Views\pelanggan\select.php(43): CodeIgniter\Debug\Exceptions->errorHandler(2, 'Undefined array key "pelanggan"', 'APPPATH\\Views\\pelanggan\\select.php', 43)
 2 SYSTEMPATH\View\View.php(213): include('APPPATH\\Views\\pelanggan\\select.php')
 3 SYSTEMPATH\View\View.php(216): CodeIgniter\View\View->CodeIgniter\View\{closure}()
 4 SYSTEMPATH\Common.php(1134): CodeIgniter\View\View->render('pelanggan/select', [], true)
 5 APPPATH\Controllers\Admin\pelanggan.php(21): view('pelanggan/select', [...])
 6 SYSTEMPATH\CodeIgniter.php(927): App\Controllers\Admin\Pelanggan->index()
 7 SYSTEMPATH\CodeIgniter.php(482): CodeIgniter\CodeIgniter->runController(Object(App\Controllers\Admin\Pelanggan))
 8 SYSTEMPATH\CodeIgniter.php(351): CodeIgniter\CodeIgniter->handleRequest(null, Object(Config\Cache), false)
 9 FCPATH\index.php(67): CodeIgniter\CodeIgniter->run()
CRITICAL - 2022-11-27 22:34:04 --> Undefined array key "pelanggan"
in APPPATH\Views\pelanggan\select.php on line 43.
 1 APPPATH\Views\pelanggan\select.php(43): CodeIgniter\Debug\Exceptions->errorHandler(2, 'Undefined array key "pelanggan"', 'APPPATH\\Views\\pelanggan\\select.php', 43)
 2 SYSTEMPATH\View\View.php(213): include('APPPATH\\Views\\pelanggan\\select.php')
 3 SYSTEMPATH\View\View.php(216): CodeIgniter\View\View->CodeIgniter\View\{closure}()
 4 SYSTEMPATH\Common.php(1134): CodeIgniter\View\View->render('pelanggan/select', [], true)
 5 APPPATH\Controllers\Admin\Pelanggan.php(21): view('pelanggan/select', [...])
 6 SYSTEMPATH\CodeIgniter.php(927): App\Controllers\Admin\Pelanggan->index()
 7 SYSTEMPATH\CodeIgniter.php(482): CodeIgniter\CodeIgniter->runController(Object(App\Controllers\Admin\Pelanggan))
 8 SYSTEMPATH\CodeIgniter.php(351): CodeIgniter\CodeIgniter->handleRequest(null, Object(Config\Cache), false)
 9 FCPATH\index.php(67): CodeIgniter\CodeIgniter->run()
CRITICAL - 2022-11-27 22:34:11 --> Undefined array key "pelanggan"
in APPPATH\Views\pelanggan\select.php on line 43.
 1 APPPATH\Views\pelanggan\select.php(43): CodeIgniter\Debug\Exceptions->errorHandler(2, 'Undefined array key "pelanggan"', 'APPPATH\\Views\\pelanggan\\select.php', 43)
 2 SYSTEMPATH\View\View.php(213): include('APPPATH\\Views\\pelanggan\\select.php')
 3 SYSTEMPATH\View\View.php(216): CodeIgniter\View\View->CodeIgniter\View\{closure}()
 4 SYSTEMPATH\Common.php(1134): CodeIgniter\View\View->render('pelanggan/select', [], true)
 5 APPPATH\Controllers\Admin\Pelanggan.php(22): view('pelanggan/select', [...])
 6 SYSTEMPATH\CodeIgniter.php(927): App\Controllers\Admin\Pelanggan->index()
 7 SYSTEMPATH\CodeIgniter.php(482): CodeIgniter\CodeIgniter->runController(Object(App\Controllers\Admin\Pelanggan))
 8 SYSTEMPATH\CodeIgniter.php(351): CodeIgniter\CodeIgniter->handleRequest(null, Object(Config\Cache), false)
 9 FCPATH\index.php(67): CodeIgniter\CodeIgniter->run()
CRITICAL - 2022-11-27 22:34:21 --> Undefined array key "pelanggan"
in APPPATH\Views\pelanggan\select.php on line 43.
 1 APPPATH\Views\pelanggan\select.php(43): CodeIgniter\Debug\Exceptions->errorHandler(2, 'Undefined array key "pelanggan"', 'APPPATH\\Views\\pelanggan\\select.php', 43)
 2 SYSTEMPATH\View\View.php(213): include('APPPATH\\Views\\pelanggan\\select.php')
 3 SYSTEMPATH\View\View.php(216): CodeIgniter\View\View->CodeIgniter\View\{closure}()
 4 SYSTEMPATH\Common.php(1134): CodeIgniter\View\View->render('pelanggan/select', [], true)
 5 APPPATH\Controllers\Admin\Pelanggan.php(22): view('pelanggan/select', [...])
 6 SYSTEMPATH\CodeIgniter.php(927): App\Controllers\Admin\Pelanggan->index()
 7 SYSTEMPATH\CodeIgniter.php(482): CodeIgniter\CodeIgniter->runController(Object(App\Controllers\Admin\Pelanggan))
 8 SYSTEMPATH\CodeIgniter.php(351): CodeIgniter\CodeIgniter->handleRequest(null, Object(Config\Cache), false)
 9 FCPATH\index.php(67): CodeIgniter\CodeIgniter->run()
