ERROR - 2022-11-24 05:38:51 --> mysqli_sql_exception: Unknown column 'id' in 'where clause' in D:\Xampp\htdocs\restoran-ci4\ci4\system\Database\MySQLi\Connection.php:292
Stack trace:
#0 D:\Xampp\htdocs\restoran-ci4\ci4\system\Database\MySQLi\Connection.php(292): mysqli->query('DELETE FROM `tb...', 0)
#1 D:\Xampp\htdocs\restoran-ci4\ci4\system\Database\BaseConnection.php(666): CodeIgniter\Database\MySQLi\Connection->execute('DELETE FROM `tb...')
#2 D:\Xampp\htdocs\restoran-ci4\ci4\system\Database\BaseConnection.php(593): CodeIgniter\Database\BaseConnection->simpleQuery('DELETE FROM `tb...')
#3 D:\Xampp\htdocs\restoran-ci4\ci4\system\Database\BaseBuilder.php(2391): CodeIgniter\Database\BaseConnection->query('DELETE FROM `tb...', Array, false)
#4 D:\Xampp\htdocs\restoran-ci4\ci4\system\Model.php(401): CodeIgniter\Database\BaseBuilder->delete()
#5 D:\Xampp\htdocs\restoran-ci4\ci4\system\BaseModel.php(984): CodeIgniter\Model->doDelete(Array, false)
#6 D:\Xampp\htdocs\restoran-ci4\ci4\app\Controllers\Admin\Menu.php(74): CodeIgniter\BaseModel->delete(Array)
#7 D:\Xampp\htdocs\restoran-ci4\ci4\system\CodeIgniter.php(927): App\Controllers\Admin\Menu->delete('27')
#8 D:\Xampp\htdocs\restoran-ci4\ci4\system\CodeIgniter.php(482): CodeIgniter\CodeIgniter->runController(Object(App\Controllers\Admin\Menu))
#9 D:\Xampp\htdocs\restoran-ci4\ci4\system\CodeIgniter.php(351): CodeIgniter\CodeIgniter->handleRequest(NULL, Object(Config\Cache), false)
#10 D:\Xampp\htdocs\restoran-ci4\index.php(67): CodeIgniter\CodeIgniter->run()
#11 {main}
CRITICAL - 2022-11-24 05:38:51 --> Unknown column 'id' in 'where clause'
in SYSTEMPATH\Database\MySQLi\Connection.php on line 292.
 1 SYSTEMPATH\Database\MySQLi\Connection.php(292): mysqli->query('DELETE FROM `tblmenu`
WHERE `id` IN (\'27\')', 0)
 2 SYSTEMPATH\Database\BaseConnection.php(666): CodeIgniter\Database\MySQLi\Connection->execute('DELETE FROM `tblmenu`
WHERE `id` IN (\'27\')')
 3 SYSTEMPATH\Database\BaseConnection.php(593): CodeIgniter\Database\BaseConnection->simpleQuery('DELETE FROM `tblmenu`
WHERE `id` IN (\'27\')')
 4 SYSTEMPATH\Database\BaseBuilder.php(2391): CodeIgniter\Database\BaseConnection->query('DELETE FROM `tblmenu`
WHERE `id` IN :id:', [...], false)
 5 SYSTEMPATH\Model.php(401): CodeIgniter\Database\BaseBuilder->delete()
 6 SYSTEMPATH\BaseModel.php(984): CodeIgniter\Model->doDelete([...], false)
 7 APPPATH\Controllers\Admin\Menu.php(74): CodeIgniter\BaseModel->delete([...])
 8 SYSTEMPATH\CodeIgniter.php(927): App\Controllers\Admin\Menu->delete('27')
 9 SYSTEMPATH\CodeIgniter.php(482): CodeIgniter\CodeIgniter->runController(Object(App\Controllers\Admin\Menu))
10 SYSTEMPATH\CodeIgniter.php(351): CodeIgniter\CodeIgniter->handleRequest(null, Object(Config\Cache), false)
11 FCPATH\index.php(67): CodeIgniter\CodeIgniter->run()
CRITICAL - 2022-11-24 06:37:45 --> Undefined variable $kategori
in APPPATH\Views\menu\insert.php on line 23.
 1 APPPATH\Views\menu\insert.php(23): CodeIgniter\Debug\Exceptions->errorHandler(2, 'Undefined variable $kategori', 'APPPATH\\Views\\menu\\insert.php', 23)
 2 SYSTEMPATH\View\View.php(213): include('APPPATH\\Views\\menu\\insert.php')
 3 SYSTEMPATH\View\View.php(216): CodeIgniter\View\View->CodeIgniter\View\{closure}()
 4 SYSTEMPATH\Common.php(1134): CodeIgniter\View\View->render('menu/insert', [], true)
 5 APPPATH\Controllers\Admin\Menu.php(62): view('menu/insert')
 6 SYSTEMPATH\CodeIgniter.php(927): App\Controllers\Admin\Menu->create()
 7 SYSTEMPATH\CodeIgniter.php(482): CodeIgniter\CodeIgniter->runController(Object(App\Controllers\Admin\Menu))
 8 SYSTEMPATH\CodeIgniter.php(351): CodeIgniter\CodeIgniter->handleRequest(null, Object(Config\Cache), false)
 9 FCPATH\index.php(67): CodeIgniter\CodeIgniter->run()
CRITICAL - 2022-11-24 07:35:05 --> Call to a member function getName() on null
in APPPATH\Controllers\Admin\Menu.php on line 74.
 1 SYSTEMPATH\CodeIgniter.php(927): App\Controllers\Admin\Menu->insert()
 2 SYSTEMPATH\CodeIgniter.php(482): CodeIgniter\CodeIgniter->runController(Object(App\Controllers\Admin\Menu))
 3 SYSTEMPATH\CodeIgniter.php(351): CodeIgniter\CodeIgniter->handleRequest(null, Object(Config\Cache), false)
 4 FCPATH\index.php(67): CodeIgniter\CodeIgniter->run()
CRITICAL - 2022-11-24 07:37:14 --> Call to a member function getName() on null
in APPPATH\Controllers\Admin\Menu.php on line 74.
 1 SYSTEMPATH\CodeIgniter.php(927): App\Controllers\Admin\Menu->insert()
 2 SYSTEMPATH\CodeIgniter.php(482): CodeIgniter\CodeIgniter->runController(Object(App\Controllers\Admin\Menu))
 3 SYSTEMPATH\CodeIgniter.php(351): CodeIgniter\CodeIgniter->handleRequest(null, Object(Config\Cache), false)
 4 FCPATH\index.php(67): CodeIgniter\CodeIgniter->run()
CRITICAL - 2022-11-24 07:37:58 --> Call to a member function getName() on null
in APPPATH\Controllers\Admin\Menu.php on line 74.
 1 SYSTEMPATH\CodeIgniter.php(927): App\Controllers\Admin\Menu->insert()
 2 SYSTEMPATH\CodeIgniter.php(482): CodeIgniter\CodeIgniter->runController(Object(App\Controllers\Admin\Menu))
 3 SYSTEMPATH\CodeIgniter.php(351): CodeIgniter\CodeIgniter->handleRequest(null, Object(Config\Cache), false)
 4 FCPATH\index.php(67): CodeIgniter\CodeIgniter->run()
CRITICAL - 2022-11-24 07:39:14 --> Call to a member function getName() on null
in APPPATH\Controllers\Admin\Menu.php on line 74.
 1 SYSTEMPATH\CodeIgniter.php(927): App\Controllers\Admin\Menu->insert()
 2 SYSTEMPATH\CodeIgniter.php(482): CodeIgniter\CodeIgniter->runController(Object(App\Controllers\Admin\Menu))
 3 SYSTEMPATH\CodeIgniter.php(351): CodeIgniter\CodeIgniter->handleRequest(null, Object(Config\Cache), false)
 4 FCPATH\index.php(67): CodeIgniter\CodeIgniter->run()
CRITICAL - 2022-11-24 07:41:11 --> Call to a member function getName() on null
in APPPATH\Controllers\Admin\Menu.php on line 74.
 1 SYSTEMPATH\CodeIgniter.php(927): App\Controllers\Admin\Menu->insert()
 2 SYSTEMPATH\CodeIgniter.php(482): CodeIgniter\CodeIgniter->runController(Object(App\Controllers\Admin\Menu))
 3 SYSTEMPATH\CodeIgniter.php(351): CodeIgniter\CodeIgniter->handleRequest(null, Object(Config\Cache), false)
 4 FCPATH\index.php(67): CodeIgniter\CodeIgniter->run()
CRITICAL - 2022-11-24 07:43:07 --> Call to a member function getName() on null
in APPPATH\Controllers\Admin\Menu.php on line 74.
 1 SYSTEMPATH\CodeIgniter.php(927): App\Controllers\Admin\Menu->insert()
 2 SYSTEMPATH\CodeIgniter.php(482): CodeIgniter\CodeIgniter->runController(Object(App\Controllers\Admin\Menu))
 3 SYSTEMPATH\CodeIgniter.php(351): CodeIgniter\CodeIgniter->handleRequest(null, Object(Config\Cache), false)
 4 FCPATH\index.php(67): CodeIgniter\CodeIgniter->run()
CRITICAL - 2022-11-24 07:43:56 --> Call to a member function getName() on null
in APPPATH\Controllers\Admin\Menu.php on line 74.
 1 SYSTEMPATH\CodeIgniter.php(927): App\Controllers\Admin\Menu->insert()
 2 SYSTEMPATH\CodeIgniter.php(482): CodeIgniter\CodeIgniter->runController(Object(App\Controllers\Admin\Menu))
 3 SYSTEMPATH\CodeIgniter.php(351): CodeIgniter\CodeIgniter->handleRequest(null, Object(Config\Cache), false)
 4 FCPATH\index.php(67): CodeIgniter\CodeIgniter->run()
CRITICAL - 2022-11-24 07:45:07 --> Call to a member function getName() on null
in APPPATH\Controllers\Admin\Menu.php on line 74.
 1 SYSTEMPATH\CodeIgniter.php(927): App\Controllers\Admin\Menu->insert()
 2 SYSTEMPATH\CodeIgniter.php(482): CodeIgniter\CodeIgniter->runController(Object(App\Controllers\Admin\Menu))
 3 SYSTEMPATH\CodeIgniter.php(351): CodeIgniter\CodeIgniter->handleRequest(null, Object(Config\Cache), false)
 4 FCPATH\index.php(67): CodeIgniter\CodeIgniter->run()
CRITICAL - 2022-11-24 07:50:05 --> Call to a member function getName() on null
in APPPATH\Controllers\Admin\Menu.php on line 74.
 1 SYSTEMPATH\CodeIgniter.php(927): App\Controllers\Admin\Menu->insert()
 2 SYSTEMPATH\CodeIgniter.php(482): CodeIgniter\CodeIgniter->runController(Object(App\Controllers\Admin\Menu))
 3 SYSTEMPATH\CodeIgniter.php(351): CodeIgniter\CodeIgniter->handleRequest(null, Object(Config\Cache), false)
 4 FCPATH\index.php(67): CodeIgniter\CodeIgniter->run()
CRITICAL - 2022-11-24 07:52:13 --> Call to a member function getName() on null
in APPPATH\Controllers\Admin\Menu.php on line 74.
 1 SYSTEMPATH\CodeIgniter.php(927): App\Controllers\Admin\Menu->insert()
 2 SYSTEMPATH\CodeIgniter.php(482): CodeIgniter\CodeIgniter->runController(Object(App\Controllers\Admin\Menu))
 3 SYSTEMPATH\CodeIgniter.php(351): CodeIgniter\CodeIgniter->handleRequest(null, Object(Config\Cache), false)
 4 FCPATH\index.php(67): CodeIgniter\CodeIgniter->run()
CRITICAL - 2022-11-24 07:54:16 --> Call to a member function getName() on null
in APPPATH\Controllers\Admin\Menu.php on line 74.
 1 SYSTEMPATH\CodeIgniter.php(927): App\Controllers\Admin\Menu->insert()
 2 SYSTEMPATH\CodeIgniter.php(482): CodeIgniter\CodeIgniter->runController(Object(App\Controllers\Admin\Menu))
 3 SYSTEMPATH\CodeIgniter.php(351): CodeIgniter\CodeIgniter->handleRequest(null, Object(Config\Cache), false)
 4 FCPATH\index.php(67): CodeIgniter\CodeIgniter->run()
CRITICAL - 2022-11-24 07:54:46 --> Call to a member function getName() on null
in APPPATH\Controllers\Admin\Menu.php on line 74.
 1 SYSTEMPATH\CodeIgniter.php(927): App\Controllers\Admin\Menu->insert()
 2 SYSTEMPATH\CodeIgniter.php(482): CodeIgniter\CodeIgniter->runController(Object(App\Controllers\Admin\Menu))
 3 SYSTEMPATH\CodeIgniter.php(351): CodeIgniter\CodeIgniter->handleRequest(null, Object(Config\Cache), false)
 4 FCPATH\index.php(67): CodeIgniter\CodeIgniter->run()
CRITICAL - 2022-11-24 07:56:24 --> Call to a member function getName() on null
in APPPATH\Controllers\Admin\Menu.php on line 74.
 1 SYSTEMPATH\CodeIgniter.php(927): App\Controllers\Admin\Menu->insert()
 2 SYSTEMPATH\CodeIgniter.php(482): CodeIgniter\CodeIgniter->runController(Object(App\Controllers\Admin\Menu))
 3 SYSTEMPATH\CodeIgniter.php(351): CodeIgniter\CodeIgniter->handleRequest(null, Object(Config\Cache), false)
 4 FCPATH\index.php(67): CodeIgniter\CodeIgniter->run()
CRITICAL - 2022-11-24 08:03:36 --> Call to a member function getName() on null
in APPPATH\Controllers\Admin\Menu.php on line 74.
 1 SYSTEMPATH\CodeIgniter.php(927): App\Controllers\Admin\Menu->insert()
 2 SYSTEMPATH\CodeIgniter.php(482): CodeIgniter\CodeIgniter->runController(Object(App\Controllers\Admin\Menu))
 3 SYSTEMPATH\CodeIgniter.php(351): CodeIgniter\CodeIgniter->handleRequest(null, Object(Config\Cache), false)
 4 FCPATH\index.php(67): CodeIgniter\CodeIgniter->run()
CRITICAL - 2022-11-24 08:42:57 --> Call to a member function getName() on null
in APPPATH\Controllers\Admin\Menu.php on line 74.
 1 SYSTEMPATH\CodeIgniter.php(927): App\Controllers\Admin\Menu->insert()
 2 SYSTEMPATH\CodeIgniter.php(482): CodeIgniter\CodeIgniter->runController(Object(App\Controllers\Admin\Menu))
 3 SYSTEMPATH\CodeIgniter.php(351): CodeIgniter\CodeIgniter->handleRequest(null, Object(Config\Cache), false)
 4 FCPATH\index.php(67): CodeIgniter\CodeIgniter->run()
ERROR - 2022-11-24 09:30:21 --> mysqli_sql_exception: Operand should contain 1 column(s) in D:\Xampp\htdocs\restoran-ci4\ci4\system\Database\MySQLi\Connection.php:292
Stack trace:
#0 D:\Xampp\htdocs\restoran-ci4\ci4\system\Database\MySQLi\Connection.php(292): mysqli->query('INSERT INTO `tb...', 0)
#1 D:\Xampp\htdocs\restoran-ci4\ci4\system\Database\BaseConnection.php(666): CodeIgniter\Database\MySQLi\Connection->execute('INSERT INTO `tb...')
#2 D:\Xampp\htdocs\restoran-ci4\ci4\system\Database\BaseConnection.php(593): CodeIgniter\Database\BaseConnection->simpleQuery('INSERT INTO `tb...')
#3 D:\Xampp\htdocs\restoran-ci4\ci4\system\Database\BaseBuilder.php(1916): CodeIgniter\Database\BaseConnection->query('INSERT INTO `tb...', Array, false)
#4 D:\Xampp\htdocs\restoran-ci4\ci4\system\Model.php(279): CodeIgniter\Database\BaseBuilder->insert()
#5 D:\Xampp\htdocs\restoran-ci4\ci4\system\BaseModel.php(749): CodeIgniter\Model->doInsert(Array)
#6 D:\Xampp\htdocs\restoran-ci4\ci4\system\Model.php(667): CodeIgniter\BaseModel->insert(Array, true)
#7 D:\Xampp\htdocs\restoran-ci4\ci4\app\Controllers\Admin\Menu.php(84): CodeIgniter\Model->insert(Array)
#8 D:\Xampp\htdocs\restoran-ci4\ci4\system\CodeIgniter.php(927): App\Controllers\Admin\Menu->insert()
#9 D:\Xampp\htdocs\restoran-ci4\ci4\system\CodeIgniter.php(482): CodeIgniter\CodeIgniter->runController(Object(App\Controllers\Admin\Menu))
#10 D:\Xampp\htdocs\restoran-ci4\ci4\system\CodeIgniter.php(351): CodeIgniter\CodeIgniter->handleRequest(NULL, Object(Config\Cache), false)
#11 D:\Xampp\htdocs\restoran-ci4\index.php(67): CodeIgniter\CodeIgniter->run()
#12 {main}
CRITICAL - 2022-11-24 09:30:21 --> Operand should contain 1 column(s)
in SYSTEMPATH\Database\MySQLi\Connection.php on line 292.
 1 SYSTEMPATH\Database\MySQLi\Connection.php(292): mysqli->query('INSERT INTO `tblmenu` (`idkategori`, `menu`, `gambar`, `harga`) VALUES (\'35\', \'Burger\', \'bakso.jpeg\', (\'35\',\'Burger\',\'3000\',\'Simpan\'))', 0)
 2 SYSTEMPATH\Database\BaseConnection.php(666): CodeIgniter\Database\MySQLi\Connection->execute('INSERT INTO `tblmenu` (`idkategori`, `menu`, `gambar`, `harga`) VALUES (\'35\', \'Burger\', \'bakso.jpeg\', (\'35\',\'Burger\',\'3000\',\'Simpan\'))')
 3 SYSTEMPATH\Database\BaseConnection.php(593): CodeIgniter\Database\BaseConnection->simpleQuery('INSERT INTO `tblmenu` (`idkategori`, `menu`, `gambar`, `harga`) VALUES (\'35\', \'Burger\', \'bakso.jpeg\', (\'35\',\'Burger\',\'3000\',\'Simpan\'))')
 4 SYSTEMPATH\Database\BaseBuilder.php(1916): CodeIgniter\Database\BaseConnection->query('INSERT INTO `tblmenu` (`idkategori`, `menu`, `gambar`, `harga`) VALUES (:idkategori:, :menu:, :gambar:, :harga:)', [...], false)
 5 SYSTEMPATH\Model.php(279): CodeIgniter\Database\BaseBuilder->insert()
 6 SYSTEMPATH\BaseModel.php(749): CodeIgniter\Model->doInsert([...])
 7 SYSTEMPATH\Model.php(667): CodeIgniter\BaseModel->insert([...], true)
 8 APPPATH\Controllers\Admin\Menu.php(84): CodeIgniter\Model->insert([...])
 9 SYSTEMPATH\CodeIgniter.php(927): App\Controllers\Admin\Menu->insert()
10 SYSTEMPATH\CodeIgniter.php(482): CodeIgniter\CodeIgniter->runController(Object(App\Controllers\Admin\Menu))
11 SYSTEMPATH\CodeIgniter.php(351): CodeIgniter\CodeIgniter->handleRequest(null, Object(Config\Cache), false)
12 FCPATH\index.php(67): CodeIgniter\CodeIgniter->run()
ERROR - 2022-11-24 09:30:32 --> mysqli_sql_exception: Operand should contain 1 column(s) in D:\Xampp\htdocs\restoran-ci4\ci4\system\Database\MySQLi\Connection.php:292
Stack trace:
#0 D:\Xampp\htdocs\restoran-ci4\ci4\system\Database\MySQLi\Connection.php(292): mysqli->query('INSERT INTO `tb...', 0)
#1 D:\Xampp\htdocs\restoran-ci4\ci4\system\Database\BaseConnection.php(666): CodeIgniter\Database\MySQLi\Connection->execute('INSERT INTO `tb...')
#2 D:\Xampp\htdocs\restoran-ci4\ci4\system\Database\BaseConnection.php(593): CodeIgniter\Database\BaseConnection->simpleQuery('INSERT INTO `tb...')
#3 D:\Xampp\htdocs\restoran-ci4\ci4\system\Database\BaseBuilder.php(1916): CodeIgniter\Database\BaseConnection->query('INSERT INTO `tb...', Array, false)
#4 D:\Xampp\htdocs\restoran-ci4\ci4\system\Model.php(279): CodeIgniter\Database\BaseBuilder->insert()
#5 D:\Xampp\htdocs\restoran-ci4\ci4\system\BaseModel.php(749): CodeIgniter\Model->doInsert(Array)
#6 D:\Xampp\htdocs\restoran-ci4\ci4\system\Model.php(667): CodeIgniter\BaseModel->insert(Array, true)
#7 D:\Xampp\htdocs\restoran-ci4\ci4\app\Controllers\Admin\Menu.php(84): CodeIgniter\Model->insert(Array)
#8 D:\Xampp\htdocs\restoran-ci4\ci4\system\CodeIgniter.php(927): App\Controllers\Admin\Menu->insert()
#9 D:\Xampp\htdocs\restoran-ci4\ci4\system\CodeIgniter.php(482): CodeIgniter\CodeIgniter->runController(Object(App\Controllers\Admin\Menu))
#10 D:\Xampp\htdocs\restoran-ci4\ci4\system\CodeIgniter.php(351): CodeIgniter\CodeIgniter->handleRequest(NULL, Object(Config\Cache), false)
#11 D:\Xampp\htdocs\restoran-ci4\index.php(67): CodeIgniter\CodeIgniter->run()
#12 {main}
CRITICAL - 2022-11-24 09:30:32 --> Operand should contain 1 column(s)
in SYSTEMPATH\Database\MySQLi\Connection.php on line 292.
 1 SYSTEMPATH\Database\MySQLi\Connection.php(292): mysqli->query('INSERT INTO `tblmenu` (`idkategori`, `menu`, `gambar`, `harga`) VALUES (\'35\', \'Burger\', \'bakso.jpeg\', (\'35\',\'Burger\',\'3000\',\'Simpan\'))', 0)
 2 SYSTEMPATH\Database\BaseConnection.php(666): CodeIgniter\Database\MySQLi\Connection->execute('INSERT INTO `tblmenu` (`idkategori`, `menu`, `gambar`, `harga`) VALUES (\'35\', \'Burger\', \'bakso.jpeg\', (\'35\',\'Burger\',\'3000\',\'Simpan\'))')
 3 SYSTEMPATH\Database\BaseConnection.php(593): CodeIgniter\Database\BaseConnection->simpleQuery('INSERT INTO `tblmenu` (`idkategori`, `menu`, `gambar`, `harga`) VALUES (\'35\', \'Burger\', \'bakso.jpeg\', (\'35\',\'Burger\',\'3000\',\'Simpan\'))')
 4 SYSTEMPATH\Database\BaseBuilder.php(1916): CodeIgniter\Database\BaseConnection->query('INSERT INTO `tblmenu` (`idkategori`, `menu`, `gambar`, `harga`) VALUES (:idkategori:, :menu:, :gambar:, :harga:)', [...], false)
 5 SYSTEMPATH\Model.php(279): CodeIgniter\Database\BaseBuilder->insert()
 6 SYSTEMPATH\BaseModel.php(749): CodeIgniter\Model->doInsert([...])
 7 SYSTEMPATH\Model.php(667): CodeIgniter\BaseModel->insert([...], true)
 8 APPPATH\Controllers\Admin\Menu.php(84): CodeIgniter\Model->insert([...])
 9 SYSTEMPATH\CodeIgniter.php(927): App\Controllers\Admin\Menu->insert()
10 SYSTEMPATH\CodeIgniter.php(482): CodeIgniter\CodeIgniter->runController(Object(App\Controllers\Admin\Menu))
11 SYSTEMPATH\CodeIgniter.php(351): CodeIgniter\CodeIgniter->handleRequest(null, Object(Config\Cache), false)
12 FCPATH\index.php(67): CodeIgniter\CodeIgniter->run()
ERROR - 2022-11-24 09:31:35 --> mysqli_sql_exception: Operand should contain 1 column(s) in D:\Xampp\htdocs\restoran-ci4\ci4\system\Database\MySQLi\Connection.php:292
Stack trace:
#0 D:\Xampp\htdocs\restoran-ci4\ci4\system\Database\MySQLi\Connection.php(292): mysqli->query('INSERT INTO `tb...', 0)
#1 D:\Xampp\htdocs\restoran-ci4\ci4\system\Database\BaseConnection.php(666): CodeIgniter\Database\MySQLi\Connection->execute('INSERT INTO `tb...')
#2 D:\Xampp\htdocs\restoran-ci4\ci4\system\Database\BaseConnection.php(593): CodeIgniter\Database\BaseConnection->simpleQuery('INSERT INTO `tb...')
#3 D:\Xampp\htdocs\restoran-ci4\ci4\system\Database\BaseBuilder.php(1916): CodeIgniter\Database\BaseConnection->query('INSERT INTO `tb...', Array, false)
#4 D:\Xampp\htdocs\restoran-ci4\ci4\system\Model.php(279): CodeIgniter\Database\BaseBuilder->insert()
#5 D:\Xampp\htdocs\restoran-ci4\ci4\system\BaseModel.php(749): CodeIgniter\Model->doInsert(Array)
#6 D:\Xampp\htdocs\restoran-ci4\ci4\system\Model.php(667): CodeIgniter\BaseModel->insert(Array, true)
#7 D:\Xampp\htdocs\restoran-ci4\ci4\app\Controllers\Admin\Menu.php(84): CodeIgniter\Model->insert(Array)
#8 D:\Xampp\htdocs\restoran-ci4\ci4\system\CodeIgniter.php(927): App\Controllers\Admin\Menu->insert()
#9 D:\Xampp\htdocs\restoran-ci4\ci4\system\CodeIgniter.php(482): CodeIgniter\CodeIgniter->runController(Object(App\Controllers\Admin\Menu))
#10 D:\Xampp\htdocs\restoran-ci4\ci4\system\CodeIgniter.php(351): CodeIgniter\CodeIgniter->handleRequest(NULL, Object(Config\Cache), false)
#11 D:\Xampp\htdocs\restoran-ci4\index.php(67): CodeIgniter\CodeIgniter->run()
#12 {main}
CRITICAL - 2022-11-24 09:31:35 --> Operand should contain 1 column(s)
in SYSTEMPATH\Database\MySQLi\Connection.php on line 292.
 1 SYSTEMPATH\Database\MySQLi\Connection.php(292): mysqli->query('INSERT INTO `tblmenu` (`idkategori`, `menu`, `gambar`, `harga`) VALUES (\'35\', \'Burger\', \'bakso.jpeg\', (\'35\',\'Burger\',\'3000\',\'Simpan\'))', 0)
 2 SYSTEMPATH\Database\BaseConnection.php(666): CodeIgniter\Database\MySQLi\Connection->execute('INSERT INTO `tblmenu` (`idkategori`, `menu`, `gambar`, `harga`) VALUES (\'35\', \'Burger\', \'bakso.jpeg\', (\'35\',\'Burger\',\'3000\',\'Simpan\'))')
 3 SYSTEMPATH\Database\BaseConnection.php(593): CodeIgniter\Database\BaseConnection->simpleQuery('INSERT INTO `tblmenu` (`idkategori`, `menu`, `gambar`, `harga`) VALUES (\'35\', \'Burger\', \'bakso.jpeg\', (\'35\',\'Burger\',\'3000\',\'Simpan\'))')
 4 SYSTEMPATH\Database\BaseBuilder.php(1916): CodeIgniter\Database\BaseConnection->query('INSERT INTO `tblmenu` (`idkategori`, `menu`, `gambar`, `harga`) VALUES (:idkategori:, :menu:, :gambar:, :harga:)', [...], false)
 5 SYSTEMPATH\Model.php(279): CodeIgniter\Database\BaseBuilder->insert()
 6 SYSTEMPATH\BaseModel.php(749): CodeIgniter\Model->doInsert([...])
 7 SYSTEMPATH\Model.php(667): CodeIgniter\BaseModel->insert([...], true)
 8 APPPATH\Controllers\Admin\Menu.php(84): CodeIgniter\Model->insert([...])
 9 SYSTEMPATH\CodeIgniter.php(927): App\Controllers\Admin\Menu->insert()
10 SYSTEMPATH\CodeIgniter.php(482): CodeIgniter\CodeIgniter->runController(Object(App\Controllers\Admin\Menu))
11 SYSTEMPATH\CodeIgniter.php(351): CodeIgniter\CodeIgniter->handleRequest(null, Object(Config\Cache), false)
12 FCPATH\index.php(67): CodeIgniter\CodeIgniter->run()
ERROR - 2022-11-24 09:33:10 --> mysqli_sql_exception: Operand should contain 1 column(s) in D:\Xampp\htdocs\restoran-ci4\ci4\system\Database\MySQLi\Connection.php:292
Stack trace:
#0 D:\Xampp\htdocs\restoran-ci4\ci4\system\Database\MySQLi\Connection.php(292): mysqli->query('INSERT INTO `tb...', 0)
#1 D:\Xampp\htdocs\restoran-ci4\ci4\system\Database\BaseConnection.php(666): CodeIgniter\Database\MySQLi\Connection->execute('INSERT INTO `tb...')
#2 D:\Xampp\htdocs\restoran-ci4\ci4\system\Database\BaseConnection.php(593): CodeIgniter\Database\BaseConnection->simpleQuery('INSERT INTO `tb...')
#3 D:\Xampp\htdocs\restoran-ci4\ci4\system\Database\BaseBuilder.php(1916): CodeIgniter\Database\BaseConnection->query('INSERT INTO `tb...', Array, false)
#4 D:\Xampp\htdocs\restoran-ci4\ci4\system\Model.php(279): CodeIgniter\Database\BaseBuilder->insert()
#5 D:\Xampp\htdocs\restoran-ci4\ci4\system\BaseModel.php(749): CodeIgniter\Model->doInsert(Array)
#6 D:\Xampp\htdocs\restoran-ci4\ci4\system\Model.php(667): CodeIgniter\BaseModel->insert(Array, true)
#7 D:\Xampp\htdocs\restoran-ci4\ci4\app\Controllers\Admin\Menu.php(84): CodeIgniter\Model->insert(Array)
#8 D:\Xampp\htdocs\restoran-ci4\ci4\system\CodeIgniter.php(927): App\Controllers\Admin\Menu->insert()
#9 D:\Xampp\htdocs\restoran-ci4\ci4\system\CodeIgniter.php(482): CodeIgniter\CodeIgniter->runController(Object(App\Controllers\Admin\Menu))
#10 D:\Xampp\htdocs\restoran-ci4\ci4\system\CodeIgniter.php(351): CodeIgniter\CodeIgniter->handleRequest(NULL, Object(Config\Cache), false)
#11 D:\Xampp\htdocs\restoran-ci4\index.php(67): CodeIgniter\CodeIgniter->run()
#12 {main}
CRITICAL - 2022-11-24 09:33:10 --> Operand should contain 1 column(s)
in SYSTEMPATH\Database\MySQLi\Connection.php on line 292.
 1 SYSTEMPATH\Database\MySQLi\Connection.php(292): mysqli->query('INSERT INTO `tblmenu` (`idkategori`, `menu`, `gambar`, `harga`) VALUES (\'35\', \'Burger\', \'bakso.jpeg\', (\'35\',\'Burger\',\'3000\',\'Simpan\'))', 0)
 2 SYSTEMPATH\Database\BaseConnection.php(666): CodeIgniter\Database\MySQLi\Connection->execute('INSERT INTO `tblmenu` (`idkategori`, `menu`, `gambar`, `harga`) VALUES (\'35\', \'Burger\', \'bakso.jpeg\', (\'35\',\'Burger\',\'3000\',\'Simpan\'))')
 3 SYSTEMPATH\Database\BaseConnection.php(593): CodeIgniter\Database\BaseConnection->simpleQuery('INSERT INTO `tblmenu` (`idkategori`, `menu`, `gambar`, `harga`) VALUES (\'35\', \'Burger\', \'bakso.jpeg\', (\'35\',\'Burger\',\'3000\',\'Simpan\'))')
 4 SYSTEMPATH\Database\BaseBuilder.php(1916): CodeIgniter\Database\BaseConnection->query('INSERT INTO `tblmenu` (`idkategori`, `menu`, `gambar`, `harga`) VALUES (:idkategori:, :menu:, :gambar:, :harga:)', [...], false)
 5 SYSTEMPATH\Model.php(279): CodeIgniter\Database\BaseBuilder->insert()
 6 SYSTEMPATH\BaseModel.php(749): CodeIgniter\Model->doInsert([...])
 7 SYSTEMPATH\Model.php(667): CodeIgniter\BaseModel->insert([...], true)
 8 APPPATH\Controllers\Admin\Menu.php(84): CodeIgniter\Model->insert([...])
 9 SYSTEMPATH\CodeIgniter.php(927): App\Controllers\Admin\Menu->insert()
10 SYSTEMPATH\CodeIgniter.php(482): CodeIgniter\CodeIgniter->runController(Object(App\Controllers\Admin\Menu))
11 SYSTEMPATH\CodeIgniter.php(351): CodeIgniter\CodeIgniter->handleRequest(null, Object(Config\Cache), false)
12 FCPATH\index.php(67): CodeIgniter\CodeIgniter->run()
ERROR - 2022-11-24 09:33:48 --> mysqli_sql_exception: Column 'harga' cannot be null in D:\Xampp\htdocs\restoran-ci4\ci4\system\Database\MySQLi\Connection.php:292
Stack trace:
#0 D:\Xampp\htdocs\restoran-ci4\ci4\system\Database\MySQLi\Connection.php(292): mysqli->query('INSERT INTO `tb...', 0)
#1 D:\Xampp\htdocs\restoran-ci4\ci4\system\Database\BaseConnection.php(666): CodeIgniter\Database\MySQLi\Connection->execute('INSERT INTO `tb...')
#2 D:\Xampp\htdocs\restoran-ci4\ci4\system\Database\BaseConnection.php(593): CodeIgniter\Database\BaseConnection->simpleQuery('INSERT INTO `tb...')
#3 D:\Xampp\htdocs\restoran-ci4\ci4\system\Database\BaseBuilder.php(1916): CodeIgniter\Database\BaseConnection->query('INSERT INTO `tb...', Array, false)
#4 D:\Xampp\htdocs\restoran-ci4\ci4\system\Model.php(279): CodeIgniter\Database\BaseBuilder->insert()
#5 D:\Xampp\htdocs\restoran-ci4\ci4\system\BaseModel.php(749): CodeIgniter\Model->doInsert(Array)
#6 D:\Xampp\htdocs\restoran-ci4\ci4\system\Model.php(667): CodeIgniter\BaseModel->insert(Array, true)
#7 D:\Xampp\htdocs\restoran-ci4\ci4\app\Controllers\Admin\Menu.php(84): CodeIgniter\Model->insert(Array)
#8 D:\Xampp\htdocs\restoran-ci4\ci4\system\CodeIgniter.php(927): App\Controllers\Admin\Menu->insert()
#9 D:\Xampp\htdocs\restoran-ci4\ci4\system\CodeIgniter.php(482): CodeIgniter\CodeIgniter->runController(Object(App\Controllers\Admin\Menu))
#10 D:\Xampp\htdocs\restoran-ci4\ci4\system\CodeIgniter.php(351): CodeIgniter\CodeIgniter->handleRequest(NULL, Object(Config\Cache), false)
#11 D:\Xampp\htdocs\restoran-ci4\index.php(67): CodeIgniter\CodeIgniter->run()
#12 {main}
CRITICAL - 2022-11-24 09:33:48 --> Column 'harga' cannot be null
in SYSTEMPATH\Database\MySQLi\Connection.php on line 292.
 1 SYSTEMPATH\Database\MySQLi\Connection.php(292): mysqli->query('INSERT INTO `tblmenu` (`idkategori`, `menu`, `gambar`, `harga`) VALUES (\'35\', \'Burger\', \'bakso.jpeg\', NULL)', 0)
 2 SYSTEMPATH\Database\BaseConnection.php(666): CodeIgniter\Database\MySQLi\Connection->execute('INSERT INTO `tblmenu` (`idkategori`, `menu`, `gambar`, `harga`) VALUES (\'35\', \'Burger\', \'bakso.jpeg\', NULL)')
 3 SYSTEMPATH\Database\BaseConnection.php(593): CodeIgniter\Database\BaseConnection->simpleQuery('INSERT INTO `tblmenu` (`idkategori`, `menu`, `gambar`, `harga`) VALUES (\'35\', \'Burger\', \'bakso.jpeg\', NULL)')
 4 SYSTEMPATH\Database\BaseBuilder.php(1916): CodeIgniter\Database\BaseConnection->query('INSERT INTO `tblmenu` (`idkategori`, `menu`, `gambar`, `harga`) VALUES (:idkategori:, :menu:, :gambar:, :harga:)', [...], false)
 5 SYSTEMPATH\Model.php(279): CodeIgniter\Database\BaseBuilder->insert()
 6 SYSTEMPATH\BaseModel.php(749): CodeIgniter\Model->doInsert([...])
 7 SYSTEMPATH\Model.php(667): CodeIgniter\BaseModel->insert([...], true)
 8 APPPATH\Controllers\Admin\Menu.php(84): CodeIgniter\Model->insert([...])
 9 SYSTEMPATH\CodeIgniter.php(927): App\Controllers\Admin\Menu->insert()
10 SYSTEMPATH\CodeIgniter.php(482): CodeIgniter\CodeIgniter->runController(Object(App\Controllers\Admin\Menu))
11 SYSTEMPATH\CodeIgniter.php(351): CodeIgniter\CodeIgniter->handleRequest(null, Object(Config\Cache), false)
12 FCPATH\index.php(67): CodeIgniter\CodeIgniter->run()
