CRITICAL - 2022-11-29 00:48:44 --> Undefined array key "level"
in APPPATH\Controllers\Admin\User.php on line 43.
 1 APPPATH\Controllers\Admin\User.php(43): CodeIgniter\Debug\Exceptions->errorHandler(2, 'Undefined array key "level"', 'APPPATH\\Controllers\\Admin\\User.php', 43)
 2 SYSTEMPATH\CodeIgniter.php(927): App\Controllers\Admin\User->insert()
 3 SYSTEMPATH\CodeIgniter.php(482): CodeIgniter\CodeIgniter->runController(Object(App\Controllers\Admin\User))
 4 SYSTEMPATH\CodeIgniter.php(351): CodeIgniter\CodeIgniter->handleRequest(null, Object(Config\Cache), false)
 5 FCPATH\index.php(67): CodeIgniter\CodeIgniter->run()
CRITICAL - 2022-11-29 00:50:15 --> Undefined array key "level"
in APPPATH\Controllers\Admin\User.php on line 43.
 1 APPPATH\Controllers\Admin\User.php(43): CodeIgniter\Debug\Exceptions->errorHandler(2, 'Undefined array key "level"', 'APPPATH\\Controllers\\Admin\\User.php', 43)
 2 SYSTEMPATH\CodeIgniter.php(927): App\Controllers\Admin\User->insert()
 3 SYSTEMPATH\CodeIgniter.php(482): CodeIgniter\CodeIgniter->runController(Object(App\Controllers\Admin\User))
 4 SYSTEMPATH\CodeIgniter.php(351): CodeIgniter\CodeIgniter->handleRequest(null, Object(Config\Cache), false)
 5 FCPATH\index.php(67): CodeIgniter\CodeIgniter->run()
CRITICAL - 2022-11-29 00:51:28 --> Undefined array key "level"
in APPPATH\Controllers\Admin\User.php on line 43.
 1 APPPATH\Controllers\Admin\User.php(43): CodeIgniter\Debug\Exceptions->errorHandler(2, 'Undefined array key "level"', 'APPPATH\\Controllers\\Admin\\User.php', 43)
 2 SYSTEMPATH\CodeIgniter.php(927): App\Controllers\Admin\User->insert()
 3 SYSTEMPATH\CodeIgniter.php(482): CodeIgniter\CodeIgniter->runController(Object(App\Controllers\Admin\User))
 4 SYSTEMPATH\CodeIgniter.php(351): CodeIgniter\CodeIgniter->handleRequest(null, Object(Config\Cache), false)
 5 FCPATH\index.php(67): CodeIgniter\CodeIgniter->run()
CRITICAL - 2022-11-29 01:09:58 --> Undefined variable $level
in APPPATH\Views\user\update.php on line 45.
 1 APPPATH\Views\user\update.php(45): CodeIgniter\Debug\Exceptions->errorHandler(2, 'Undefined variable $level', 'APPPATH\\Views\\user\\update.php', 45)
 2 SYSTEMPATH\View\View.php(213): include('APPPATH\\Views\\user\\update.php')
 3 SYSTEMPATH\View\View.php(216): CodeIgniter\View\View->CodeIgniter\View\{closure}()
 4 SYSTEMPATH\Common.php(1134): CodeIgniter\View\View->render('user/update', [], true)
 5 APPPATH\Controllers\Admin\User.php(96): view('user/update', [...])
 6 SYSTEMPATH\CodeIgniter.php(927): App\Controllers\Admin\User->find('11')
 7 SYSTEMPATH\CodeIgniter.php(482): CodeIgniter\CodeIgniter->runController(Object(App\Controllers\Admin\User))
 8 SYSTEMPATH\CodeIgniter.php(351): CodeIgniter\CodeIgniter->handleRequest(null, Object(Config\Cache), false)
 9 FCPATH\index.php(67): CodeIgniter\CodeIgniter->run()
CRITICAL - 2022-11-29 01:13:35 --> Undefined variable $user
in APPPATH\Views\user\update.php on line 26.
 1 APPPATH\Views\user\update.php(26): CodeIgniter\Debug\Exceptions->errorHandler(2, 'Undefined variable $user', 'APPPATH\\Views\\user\\update.php', 26)
 2 SYSTEMPATH\View\View.php(213): include('APPPATH\\Views\\user\\update.php')
 3 SYSTEMPATH\View\View.php(216): CodeIgniter\View\View->CodeIgniter\View\{closure}()
 4 SYSTEMPATH\Common.php(1134): CodeIgniter\View\View->render('user/update', [], true)
 5 APPPATH\Controllers\Admin\User.php(97): view('user/update', [...])
 6 SYSTEMPATH\CodeIgniter.php(927): App\Controllers\Admin\User->find('11')
 7 SYSTEMPATH\CodeIgniter.php(482): CodeIgniter\CodeIgniter->runController(Object(App\Controllers\Admin\User))
 8 SYSTEMPATH\CodeIgniter.php(351): CodeIgniter\CodeIgniter->handleRequest(null, Object(Config\Cache), false)
 9 FCPATH\index.php(67): CodeIgniter\CodeIgniter->run()
CRITICAL - 2022-11-29 01:21:25 --> Undefined array key "iduser"
in APPPATH\Controllers\Admin\User.php on line 102.
 1 APPPATH\Controllers\Admin\User.php(102): CodeIgniter\Debug\Exceptions->errorHandler(2, 'Undefined array key "iduser"', 'APPPATH\\Controllers\\Admin\\User.php', 102)
 2 SYSTEMPATH\CodeIgniter.php(927): App\Controllers\Admin\User->ubah()
 3 SYSTEMPATH\CodeIgniter.php(482): CodeIgniter\CodeIgniter->runController(Object(App\Controllers\Admin\User))
 4 SYSTEMPATH\CodeIgniter.php(351): CodeIgniter\CodeIgniter->handleRequest(null, Object(Config\Cache), false)
 5 FCPATH\index.php(67): CodeIgniter\CodeIgniter->run()
CRITICAL - 2022-11-29 01:22:28 --> Undefined array key "iduser"
in APPPATH\Controllers\Admin\User.php on line 102.
 1 APPPATH\Controllers\Admin\User.php(102): CodeIgniter\Debug\Exceptions->errorHandler(2, 'Undefined array key "iduser"', 'APPPATH\\Controllers\\Admin\\User.php', 102)
 2 SYSTEMPATH\CodeIgniter.php(927): App\Controllers\Admin\User->ubah()
 3 SYSTEMPATH\CodeIgniter.php(482): CodeIgniter\CodeIgniter->runController(Object(App\Controllers\Admin\User))
 4 SYSTEMPATH\CodeIgniter.php(351): CodeIgniter\CodeIgniter->handleRequest(null, Object(Config\Cache), false)
 5 FCPATH\index.php(67): CodeIgniter\CodeIgniter->run()
CRITICAL - 2022-11-29 04:38:52 --> Trying to access array offset on value of type null
in APPPATH\Controllers\Admin\Login.php on line 32.
 1 APPPATH\Controllers\Admin\Login.php(32): CodeIgniter\Debug\Exceptions->errorHandler(2, 'Trying to access array offset on value of type null', 'APPPATH\\Controllers\\Admin\\Login.php', 32)
 2 APPPATH\Controllers\Admin\Login.php(22): App\Controllers\Admin\Login->setSession(null)
 3 SYSTEMPATH\CodeIgniter.php(927): App\Controllers\Admin\Login->index()
 4 SYSTEMPATH\CodeIgniter.php(482): CodeIgniter\CodeIgniter->runController(Object(App\Controllers\Admin\Login))
 5 SYSTEMPATH\CodeIgniter.php(351): CodeIgniter\CodeIgniter->handleRequest(null, Object(Config\Cache), false)
 6 FCPATH\index.php(67): CodeIgniter\CodeIgniter->run()
CRITICAL - 2022-11-29 04:45:30 --> Trying to access array offset on value of type null
in APPPATH\Controllers\Admin\Login.php on line 32.
 1 APPPATH\Controllers\Admin\Login.php(32): CodeIgniter\Debug\Exceptions->errorHandler(2, 'Trying to access array offset on value of type null', 'APPPATH\\Controllers\\Admin\\Login.php', 32)
 2 APPPATH\Controllers\Admin\Login.php(22): App\Controllers\Admin\Login->setSession(null)
 3 SYSTEMPATH\CodeIgniter.php(927): App\Controllers\Admin\Login->index()
 4 SYSTEMPATH\CodeIgniter.php(482): CodeIgniter\CodeIgniter->runController(Object(App\Controllers\Admin\Login))
 5 SYSTEMPATH\CodeIgniter.php(351): CodeIgniter\CodeIgniter->handleRequest(null, Object(Config\Cache), false)
 6 FCPATH\index.php(67): CodeIgniter\CodeIgniter->run()
CRITICAL - 2022-11-29 04:45:36 --> Trying to access array offset on value of type null
in APPPATH\Controllers\Admin\Login.php on line 32.
 1 APPPATH\Controllers\Admin\Login.php(32): CodeIgniter\Debug\Exceptions->errorHandler(2, 'Trying to access array offset on value of type null', 'APPPATH\\Controllers\\Admin\\Login.php', 32)
 2 APPPATH\Controllers\Admin\Login.php(22): App\Controllers\Admin\Login->setSession(null)
 3 SYSTEMPATH\CodeIgniter.php(927): App\Controllers\Admin\Login->index()
 4 SYSTEMPATH\CodeIgniter.php(482): CodeIgniter\CodeIgniter->runController(Object(App\Controllers\Admin\Login))
 5 SYSTEMPATH\CodeIgniter.php(351): CodeIgniter\CodeIgniter->handleRequest(null, Object(Config\Cache), false)
 6 FCPATH\index.php(67): CodeIgniter\CodeIgniter->run()
CRITICAL - 2022-11-29 04:47:41 --> Trying to access array offset on value of type null
in APPPATH\Controllers\Admin\Login.php on line 32.
 1 APPPATH\Controllers\Admin\Login.php(32): CodeIgniter\Debug\Exceptions->errorHandler(2, 'Trying to access array offset on value of type null', 'APPPATH\\Controllers\\Admin\\Login.php', 32)
 2 APPPATH\Controllers\Admin\Login.php(22): App\Controllers\Admin\Login->setSession(null)
 3 SYSTEMPATH\CodeIgniter.php(927): App\Controllers\Admin\Login->index()
 4 SYSTEMPATH\CodeIgniter.php(482): CodeIgniter\CodeIgniter->runController(Object(App\Controllers\Admin\Login))
 5 SYSTEMPATH\CodeIgniter.php(351): CodeIgniter\CodeIgniter->handleRequest(null, Object(Config\Cache), false)
 6 FCPATH\index.php(67): CodeIgniter\CodeIgniter->run()
CRITICAL - 2022-11-29 04:50:18 --> Trying to access array offset on value of type null
in APPPATH\Controllers\Admin\Login.php on line 32.
 1 APPPATH\Controllers\Admin\Login.php(32): CodeIgniter\Debug\Exceptions->errorHandler(2, 'Trying to access array offset on value of type null', 'APPPATH\\Controllers\\Admin\\Login.php', 32)
 2 APPPATH\Controllers\Admin\Login.php(22): App\Controllers\Admin\Login->setSession(null)
 3 SYSTEMPATH\CodeIgniter.php(927): App\Controllers\Admin\Login->index()
 4 SYSTEMPATH\CodeIgniter.php(482): CodeIgniter\CodeIgniter->runController(Object(App\Controllers\Admin\Login))
 5 SYSTEMPATH\CodeIgniter.php(351): CodeIgniter\CodeIgniter->handleRequest(null, Object(Config\Cache), false)
 6 FCPATH\index.php(67): CodeIgniter\CodeIgniter->run()
CRITICAL - 2022-11-29 04:50:52 --> Trying to access array offset on value of type null
in APPPATH\Controllers\Admin\Login.php on line 32.
 1 APPPATH\Controllers\Admin\Login.php(32): CodeIgniter\Debug\Exceptions->errorHandler(2, 'Trying to access array offset on value of type null', 'APPPATH\\Controllers\\Admin\\Login.php', 32)
 2 APPPATH\Controllers\Admin\Login.php(22): App\Controllers\Admin\Login->setSession(null)
 3 SYSTEMPATH\CodeIgniter.php(927): App\Controllers\Admin\Login->index()
 4 SYSTEMPATH\CodeIgniter.php(482): CodeIgniter\CodeIgniter->runController(Object(App\Controllers\Admin\Login))
 5 SYSTEMPATH\CodeIgniter.php(351): CodeIgniter\CodeIgniter->handleRequest(null, Object(Config\Cache), false)
 6 FCPATH\index.php(67): CodeIgniter\CodeIgniter->run()
CRITICAL - 2022-11-29 06:06:48 --> Undefined variable $session
in APPPATH\Views\template\admin.php on line 19.
 1 APPPATH\Views\template\admin.php(19): CodeIgniter\Debug\Exceptions->errorHandler(2, 'Undefined variable $session', 'APPPATH\\Views\\template\\admin.php', 19)
 2 SYSTEMPATH\View\View.php(213): include('APPPATH\\Views\\template\\admin.php')
 3 SYSTEMPATH\View\View.php(216): CodeIgniter\View\View->CodeIgniter\View\{closure}()
 4 SYSTEMPATH\View\View.php(229): CodeIgniter\View\View->render('template/admin', [], true)
 5 SYSTEMPATH\Common.php(1134): CodeIgniter\View\View->render('user/select', [], true)
 6 APPPATH\Controllers\Admin\User.php(22): view('user/select', [...])
 7 SYSTEMPATH\CodeIgniter.php(927): App\Controllers\Admin\User->index()
 8 SYSTEMPATH\CodeIgniter.php(482): CodeIgniter\CodeIgniter->runController(Object(App\Controllers\Admin\User))
 9 SYSTEMPATH\CodeIgniter.php(351): CodeIgniter\CodeIgniter->handleRequest(null, Object(Config\Cache), false)
10 FCPATH\index.php(67): CodeIgniter\CodeIgniter->run()
CRITICAL - 2022-11-29 06:07:06 --> Undefined variable $session
in APPPATH\Views\template\admin.php on line 19.
 1 APPPATH\Views\template\admin.php(19): CodeIgniter\Debug\Exceptions->errorHandler(2, 'Undefined variable $session', 'APPPATH\\Views\\template\\admin.php', 19)
 2 SYSTEMPATH\View\View.php(213): include('APPPATH\\Views\\template\\admin.php')
 3 SYSTEMPATH\View\View.php(216): CodeIgniter\View\View->CodeIgniter\View\{closure}()
 4 SYSTEMPATH\View\View.php(229): CodeIgniter\View\View->render('template/admin', [], true)
 5 SYSTEMPATH\Common.php(1134): CodeIgniter\View\View->render('user/select', [], true)
 6 APPPATH\Controllers\Admin\User.php(22): view('user/select', [...])
 7 SYSTEMPATH\CodeIgniter.php(927): App\Controllers\Admin\User->index()
 8 SYSTEMPATH\CodeIgniter.php(482): CodeIgniter\CodeIgniter->runController(Object(App\Controllers\Admin\User))
 9 SYSTEMPATH\CodeIgniter.php(351): CodeIgniter\CodeIgniter->handleRequest(null, Object(Config\Cache), false)
10 FCPATH\index.php(67): CodeIgniter\CodeIgniter->run()
CRITICAL - 2022-11-29 20:07:52 --> Trying to access array offset on value of type null
in APPPATH\Controllers\Admin\Login.php on line 39.
 1 APPPATH\Controllers\Admin\Login.php(39): CodeIgniter\Debug\Exceptions->errorHandler(2, 'Trying to access array offset on value of type null', 'APPPATH\\Controllers\\Admin\\Login.php', 39)
 2 APPPATH\Controllers\Admin\Login.php(29): App\Controllers\Admin\Login->setSession(null)
 3 SYSTEMPATH\CodeIgniter.php(927): App\Controllers\Admin\Login->index()
 4 SYSTEMPATH\CodeIgniter.php(482): CodeIgniter\CodeIgniter->runController(Object(App\Controllers\Admin\Login))
 5 SYSTEMPATH\CodeIgniter.php(351): CodeIgniter\CodeIgniter->handleRequest(null, Object(Config\Cache), false)
 6 FCPATH\index.php(67): CodeIgniter\CodeIgniter->run()
